0 verbose cli /usr/local/nvm/versions/node/v18.12.1/bin/node /usr/local/nvm/versions/node/v18.12.1/bin/npm
1 info using npm@8.19.2
2 info using node@v18.12.1
3 timing npm:load:whichnode Completed in 0ms
4 timing config:load:defaults Completed in 2ms
5 timing config:load:file:/usr/local/nvm/versions/node/v18.12.1/lib/node_modules/npm/npmrc Completed in 0ms
6 timing config:load:builtin Completed in 2ms
7 timing config:load:cli Completed in 1ms
8 timing config:load:env Completed in 1ms
9 timing config:load:file:/home/user109/events-app/external/.npmrc Completed in 0ms
10 timing config:load:project Completed in 20ms
11 timing config:load:file:/home/user109/.npmrc Completed in 0ms
12 timing config:load:user Completed in 0ms
13 timing config:load:file:/usr/local/nvm/versions/node/v18.12.1/etc/npmrc Completed in 0ms
14 timing config:load:global Completed in 0ms
15 timing config:load:validate Completed in 1ms
16 timing config:load:credentials Completed in 1ms
17 timing config:load:setEnvs Completed in 1ms
18 timing config:load Completed in 30ms
19 timing npm:load:configload Completed in 30ms
20 timing npm:load:mkdirpcache Completed in 1ms
21 timing npm:load:mkdirplogs Completed in 0ms
22 verbose title npm install
23 verbose argv "install"
24 timing npm:load:setTitle Completed in 1ms
25 timing config:load:flatten Completed in 3ms
26 timing npm:load:display Completed in 6ms
27 verbose logfile logs-max:10 dir:/home/user109/.npm/_logs
28 verbose logfile /home/user109/.npm/_logs/2023-09-13T20_17_12_060Z-debug-0.log
29 timing npm:load:logFile Completed in 5ms
30 timing npm:load:timers Completed in 0ms
31 timing npm:load:configScope Completed in 0ms
32 timing npm:load Completed in 43ms
33 timing arborist:ctor Completed in 1ms
34 silly logfile done cleaning log files
35 timing idealTree:init Completed in 449ms
36 timing idealTree:userRequests Completed in 1ms
37 silly idealTree buildDeps
38 timing idealTree:#root Completed in 0ms
39 timing idealTree:buildDeps Completed in 2ms
40 timing idealTree:fixDepFlags Completed in 0ms
41 timing idealTree Completed in 462ms
42 timing reify:loadTrees Completed in 477ms
43 timing reify:diffTrees Completed in 9ms
44 silly reify moves {}
45 timing reify:retireShallow Completed in 2ms
46 timing reify:createSparse Completed in 146ms
47 timing reify:loadBundles Completed in 0ms
48 silly audit bulk request {
48 silly audit   '@ampproject/remapping': [ '2.1.2' ],
48 silly audit   '@babel/code-frame': [ '7.16.7' ],
48 silly audit   '@babel/compat-data': [ '7.17.0' ],
48 silly audit   '@babel/core': [ '7.17.5' ],
48 silly audit   debug: [ '4.3.3', '2.6.9', '3.2.6', '4.1.1' ],
48 silly audit   ms: [ '2.1.2', '2.0.0', '2.1.3', '2.1.1' ],
48 silly audit   semver: [ '6.3.0', '5.7.1' ],
48 silly audit   '@babel/generator': [ '7.17.3' ],
48 silly audit   'source-map': [ '0.5.7', '0.6.1' ],
48 silly audit   '@babel/helper-compilation-targets': [ '7.16.7' ],
48 silly audit   '@babel/helper-environment-visitor': [ '7.16.7' ],
48 silly audit   '@babel/helper-function-name': [ '7.16.7' ],
48 silly audit   '@babel/helper-get-function-arity': [ '7.16.7' ],
48 silly audit   '@babel/helper-hoist-variables': [ '7.16.7' ],
48 silly audit   '@babel/helper-module-imports': [ '7.16.7' ],
48 silly audit   '@babel/helper-module-transforms': [ '7.17.6' ],
48 silly audit   '@babel/helper-simple-access': [ '7.16.7' ],
48 silly audit   '@babel/helper-split-export-declaration': [ '7.16.7' ],
48 silly audit   '@babel/helper-validator-identifier': [ '7.16.7' ],
48 silly audit   '@babel/helper-validator-option': [ '7.16.7' ],
48 silly audit   '@babel/helpers': [ '7.17.2' ],
48 silly audit   '@babel/highlight': [ '7.16.10' ],
48 silly audit   'ansi-styles': [ '3.2.1', '4.3.0' ],
48 silly audit   chalk: [ '2.4.2', '4.1.2' ],
48 silly audit   'color-convert': [ '1.9.3', '2.0.1' ],
48 silly audit   'color-name': [ '1.1.3', '1.1.4' ],
48 silly audit   'escape-string-regexp': [ '1.0.5', '4.0.0' ],
48 silly audit   'has-flag': [ '3.0.0', '4.0.0' ],
48 silly audit   'supports-color': [ '5.5.0', '7.2.0', '8.1.1' ],
48 silly audit   '@babel/parser': [ '7.17.3' ],
48 silly audit   '@babel/template': [ '7.16.7' ],
48 silly audit   '@babel/traverse': [ '7.17.3' ],
48 silly audit   '@babel/types': [ '7.17.0' ],
48 silly audit   '@istanbuljs/load-nyc-config': [ '1.1.0' ],
48 silly audit   argparse: [ '1.0.10', '2.0.1' ],
48 silly audit   'find-up': [ '4.1.0', '5.0.0' ],
48 silly audit   'js-yaml': [ '3.14.1', '4.1.0' ],
48 silly audit   'locate-path': [ '5.0.0', '6.0.0' ],
48 silly audit   'p-limit': [ '2.3.0', '3.1.0' ],
48 silly audit   'p-locate': [ '4.1.0', '5.0.0' ],
48 silly audit   '@istanbuljs/schema': [ '0.1.3' ],
48 silly audit   '@jridgewell/resolve-uri': [ '3.0.5' ],
48 silly audit   '@jridgewell/sourcemap-codec': [ '1.4.11' ],
48 silly audit   '@jridgewell/trace-mapping': [ '0.3.4' ],
48 silly audit   '@ungap/promise-all-settled': [ '1.1.2' ],
48 silly audit   accepts: [ '1.3.7' ],
48 silly audit   'aggregate-error': [ '3.1.0' ],
48 silly audit   ajv: [ '6.12.6' ],
48 silly audit   'ansi-colors': [ '4.1.1' ],
48 silly audit   'ansi-regex': [ '5.0.1' ],
48 silly audit   anymatch: [ '3.1.2' ],
48 silly audit   'append-transform': [ '2.0.0' ],
48 silly audit   archy: [ '1.0.0' ],
48 silly audit   'array-flatten': [ '1.1.1' ],
48 silly audit   asn1: [ '0.2.4' ],
48 silly audit   'assert-plus': [ '1.0.0' ],
48 silly audit   'assertion-error': [ '1.1.0' ],
48 silly audit   asynckit: [ '0.4.0' ],
48 silly audit   'aws-sign2': [ '0.7.0' ],
48 silly audit   aws4: [ '1.9.1' ],
48 silly audit   'balanced-match': [ '1.0.0' ],
48 silly audit   'bcrypt-pbkdf': [ '1.0.2' ],
48 silly audit   'binary-extensions': [ '2.2.0' ],
48 silly audit   'body-parser': [ '1.19.0' ],
48 silly audit   qs: [ '6.7.0', '6.8.0', '6.5.2' ],
48 silly audit   'brace-expansion': [ '1.1.11' ],
48 silly audit   braces: [ '3.0.2' ],
48 silly audit   'browser-stdout': [ '1.3.1' ],
48 silly audit   browserslist: [ '4.19.3' ],
48 silly audit   bytes: [ '3.1.0' ],
48 silly audit   'caching-transform': [ '4.0.0' ],
48 silly audit   camelcase: [ '5.3.1', '6.3.0' ],
48 silly audit   'caniuse-lite': [ '1.0.30001312' ],
48 silly audit   caseless: [ '0.12.0' ],
48 silly audit   chai: [ '4.2.0' ],
48 silly audit   'check-error': [ '1.0.2' ],
48 silly audit   chokidar: [ '3.5.3' ],
48 silly audit   'clean-stack': [ '2.2.0' ],
48 silly audit   cliui: [ '7.0.4', '6.0.0' ],
48 silly audit   'combined-stream': [ '1.0.8' ],
48 silly audit   commander: [ '2.20.3' ],
48 silly audit   commondir: [ '1.0.1' ],
48 silly audit   'component-emitter': [ '1.3.0' ],
48 silly audit   'concat-map': [ '0.0.1' ],
48 silly audit   'content-disposition': [ '0.5.3' ],
48 silly audit   'content-type': [ '1.0.4' ],
48 silly audit   'convert-source-map': [ '1.8.0' ],
48 silly audit   cookie: [ '0.4.0' ],
48 silly audit   'cookie-signature': [ '1.0.6' ],
48 silly audit   cookiejar: [ '2.1.2' ],
48 silly audit   'core-util-is': [ '1.0.2' ],
48 silly audit   'cross-spawn': [ '7.0.3' ],
48 silly audit   dashdash: [ '1.14.1' ],
48 silly audit   decamelize: [ '1.2.0', '4.0.0' ],
48 silly audit   'deep-eql': [ '3.0.1' ],
48 silly audit   'deep-equal': [ '1.1.0' ],
48 silly audit   'default-require-extensions': [ '3.0.0' ],
48 silly audit   'define-properties': [ '1.1.3' ],
48 silly audit   'delayed-stream': [ '1.0.0' ],
48 silly audit   depd: [ '1.1.2' ],
48 silly audit   destroy: [ '1.0.4' ],
48 silly audit   diff: [ '5.0.0' ],
48 silly audit   'ecc-jsbn': [ '0.1.2' ],
48 silly audit   'ee-first': [ '1.1.1' ],
48 silly audit   'electron-to-chromium': [ '1.4.75' ],
48 silly audit   'emoji-regex': [ '8.0.0' ],
48 silly audit   encodeurl: [ '1.0.2' ],
48 silly audit   'es6-error': [ '4.1.1' ],
48 silly audit   escalade: [ '3.1.1' ],
48 silly audit   'escape-html': [ '1.0.3' ],
48 silly audit   esprima: [ '4.0.1' ],
48 silly audit   etag: [ '1.8.1' ],
48 silly audit   express: [ '4.17.1' ],
48 silly audit   'express-handlebars': [ '6.0.2' ],
48 silly audit   extend: [ '3.0.2' ],
48 silly audit   extsprintf: [ '1.3.0' ],
48 silly audit   'fast-deep-equal': [ '3.1.1' ],
48 silly audit   'fast-json-stable-stringify': [ '2.1.0' ],
48 silly audit   'fill-range': [ '7.0.1' ],
48 silly audit   finalhandler: [ '1.1.2' ],
48 silly audit   'find-cache-dir': [ '3.3.2' ],
48 silly audit   flat: [ '5.0.2' ],
48 silly audit   'foreground-child': [ '2.0.0' ],
48 silly audit   'forever-agent': [ '0.6.1' ],
48 silly audit   'form-data': [ '2.5.0', '2.3.3' ],
48 silly audit   formidable: [ '1.2.1' ],
48 silly audit   forwarded: [ '0.1.2' ],
48 silly audit   fresh: [ '0.5.2' ],
48 silly audit   fromentries: [ '1.3.2' ],
48 silly audit   'fs.realpath': [ '1.0.0' ],
48 silly audit   fsevents: [ '2.3.2' ],
48 silly audit   'function-bind': [ '1.1.1' ],
48 silly audit   gensync: [ '1.0.0-beta.2' ],
48 silly audit   'get-caller-file': [ '2.0.5' ],
48 silly audit   'get-func-name': [ '2.0.0' ],
48 silly audit   'get-package-type': [ '0.1.0' ],
48 silly audit   getpass: [ '0.1.7' ],
48 silly audit   glob: [ '7.2.0' ],
48 silly audit   'glob-parent': [ '5.1.2' ],
48 silly audit   globals: [ '11.12.0' ],
48 silly audit   'graceful-fs': [ '4.2.9' ],
48 silly audit   growl: [ '1.10.5' ],
48 silly audit   handlebars: [ '4.7.7' ],
48 silly audit   'har-schema': [ '2.0.0' ],
48 silly audit   'har-validator': [ '5.1.3' ],
48 silly audit   has: [ '1.0.3' ],
48 silly audit   hasha: [ '5.2.2' ],
48 silly audit   he: [ '1.2.0' ],
48 silly audit   'html-escaper': [ '2.0.2' ],
48 silly audit   'http-errors': [ '1.7.2' ],
48 silly audit   inherits: [ '2.0.3', '2.0.4' ],
48 silly audit   'http-signature': [ '1.2.0' ],
48 silly audit   'iconv-lite': [ '0.4.24' ],
48 silly audit   imurmurhash: [ '0.1.4' ],
48 silly audit   'indent-string': [ '4.0.0' ],
48 silly audit   inflight: [ '1.0.6' ],
48 silly audit   'ipaddr.js': [ '1.9.0' ],
48 silly audit   'is-arguments': [ '1.0.4' ],
48 silly audit   'is-binary-path': [ '2.1.0' ],
48 silly audit   'is-date-object': [ '1.0.1' ],
48 silly audit   'is-extglob': [ '2.1.1' ],
48 silly audit   'is-fullwidth-code-point': [ '3.0.0' ],
48 silly audit   'is-glob': [ '4.0.3' ],
48 silly audit   'is-number': [ '7.0.0' ],
48 silly audit   'is-plain-obj': [ '2.1.0' ],
48 silly audit   'is-regex': [ '1.0.4' ],
48 silly audit   'is-stream': [ '2.0.1' ],
48 silly audit   'is-typedarray': [ '1.0.0' ],
48 silly audit   'is-unicode-supported': [ '0.1.0' ],
48 silly audit   'is-windows': [ '1.0.2' ],
48 silly audit   isarray: [ '1.0.0' ],
48 silly audit   isexe: [ '2.0.0' ],
48 silly audit   isstream: [ '0.1.2' ],
48 silly audit   'istanbul-lib-coverage': [ '3.2.0' ],
48 silly audit   'istanbul-lib-hook': [ '3.0.0' ],
48 silly audit   'istanbul-lib-instrument': [ '4.0.3' ],
48 silly audit   'istanbul-lib-processinfo': [ '2.0.2' ],
48 silly audit   'istanbul-lib-report': [ '3.0.0' ],
48 silly audit   'istanbul-lib-source-maps': [ '4.0.1' ],
48 silly audit   'istanbul-reports': [ '3.1.4' ],
48 silly audit   'js-tokens': [ '4.0.0' ],
48 silly audit   jsbn: [ '0.1.1' ],
48 silly audit   jsesc: [ '2.5.2' ],
48 silly audit   'json-schema': [ '0.4.0' ],
48 silly audit   'json-schema-traverse': [ '0.4.1' ],
48 silly audit   'json-stringify-safe': [ '5.0.1' ],
48 silly audit   json5: [ '2.2.0' ],
48 silly audit   jsprim: [ '1.4.2' ],
48 silly audit   lodash: [ '4.17.21' ],
48 silly audit   'lodash.flattendeep': [ '4.4.0' ],
48 silly audit   'log-symbols': [ '4.1.0' ],
48 silly audit   'make-dir': [ '3.1.0' ],
48 silly audit   'media-typer': [ '0.3.0' ],
48 silly audit   'merge-descriptors': [ '1.0.1' ],
48 silly audit   methods: [ '1.1.2' ],
48 silly audit   mime: [ '1.6.0' ],
48 silly audit   'mime-db': [ '1.40.0' ],
48 silly audit   'mime-types': [ '2.1.24' ],
48 silly audit   minimatch: [ '3.0.4' ],
48 silly audit   minimist: [ '1.2.6' ],
48 silly audit   mkdirp: [ '0.5.5' ],
48 silly audit   mocha: [ '9.2.1' ],
48 silly audit   nanoid: [ '3.2.0' ],
48 silly audit   negotiator: [ '0.6.2' ],
48 silly audit   'neo-async': [ '2.6.1' ],
48 silly audit   nock: [ '10.0.6' ],
48 silly audit   'node-preload': [ '0.2.1' ],
48 silly audit   'node-releases': [ '2.0.2' ],
48 silly audit   'normalize-path': [ '3.0.0' ],
48 silly audit   nyc: [ '15.1.0' ],
48 silly audit   'wrap-ansi': [ '6.2.0', '7.0.0' ],
48 silly audit   y18n: [ '4.0.3', '5.0.8' ],
48 silly audit   yargs: [ '15.4.1', '16.2.0' ],
48 silly audit   'yargs-parser': [ '18.1.3', '20.2.4' ],
48 silly audit   'oauth-sign': [ '0.9.0' ],
48 silly audit   'object-is': [ '1.0.1' ],
48 silly audit   'object-keys': [ '1.1.1' ],
48 silly audit   'on-finished': [ '2.3.0' ],
48 silly audit   once: [ '1.4.0' ],
48 silly audit   'p-map': [ '3.0.0' ],
48 silly audit   'p-try': [ '2.2.0' ],
48 silly audit   'package-hash': [ '4.0.0' ],
48 silly audit   parseurl: [ '1.3.3' ],
48 silly audit   'path-exists': [ '4.0.0' ],
48 silly audit   'path-is-absolute': [ '1.0.1' ],
48 silly audit   'path-key': [ '3.1.1' ],
48 silly audit   'path-to-regexp': [ '0.1.7' ],
48 silly audit   pathval: [ '1.1.1' ],
48 silly audit   'performance-now': [ '2.1.0' ],
48 silly audit   picocolors: [ '1.0.0' ],
48 silly audit   picomatch: [ '2.3.1' ],
48 silly audit   'pkg-dir': [ '4.2.0' ],
48 silly audit   'process-nextick-args': [ '2.0.1' ],
48 silly audit   'process-on-spawn': [ '1.0.0' ],
48 silly audit   propagate: [ '1.0.0' ],
48 silly audit   'proxy-addr': [ '2.0.5' ],
48 silly audit   psl: [ '1.8.0' ],
48 silly audit   punycode: [ '2.1.1' ],
48 silly audit   randombytes: [ '2.1.0' ],
48 silly audit   'range-parser': [ '1.2.1' ],
48 silly audit   'raw-body': [ '2.4.0' ],
48 silly audit   'readable-stream': [ '2.3.6' ],
48 silly audit   readdirp: [ '3.6.0' ],
48 silly audit   'regexp.prototype.flags': [ '1.2.0' ],
48 silly audit   'release-zalgo': [ '1.0.0' ],
48 silly audit   request: [ '2.88.2' ],
48 silly audit   'require-directory': [ '2.1.1' ],
48 silly audit   'require-main-filename': [ '2.0.0' ],
48 silly audit   'resolve-from': [ '5.0.0' ],
48 silly audit   rimraf: [ '3.0.2' ],
48 silly audit   'safe-buffer': [ '5.1.2' ],
48 silly audit   'safer-buffer': [ '2.1.2' ],
48 silly audit   send: [ '0.17.1' ],
48 silly audit   'serialize-javascript': [ '6.0.0' ],
48 silly audit   'serve-static': [ '1.14.1' ],
48 silly audit   'set-blocking': [ '2.0.0' ],
48 silly audit   setprototypeof: [ '1.1.1' ],
48 silly audit   'shebang-command': [ '2.0.0' ],
48 silly audit   'shebang-regex': [ '3.0.0' ],
48 silly audit   'signal-exit': [ '3.0.7' ],
48 silly audit   'spawn-wrap': [ '2.0.0' ],
48 silly audit   'sprintf-js': [ '1.0.3' ],
48 silly audit   sshpk: [ '1.16.1' ],
48 silly audit   statuses: [ '1.5.0' ],
48 silly audit   string_decoder: [ '1.1.1' ],
48 silly audit   'string-width': [ '4.2.3' ],
48 silly audit   'strip-ansi': [ '6.0.1' ],
48 silly audit   'strip-bom': [ '4.0.0' ],
48 silly audit   'strip-json-comments': [ '3.1.1' ],
48 silly audit   superagent: [ '3.8.3' ],
48 silly audit   supertest: [ '4.0.2' ],
48 silly audit   'test-exclude': [ '6.0.0' ],
48 silly audit   'to-fast-properties': [ '2.0.0' ],
48 silly audit   'to-regex-range': [ '5.0.1' ],
48 silly audit   toidentifier: [ '1.0.0' ],
48 silly audit   'tough-cookie': [ '2.5.0' ],
48 silly audit   'tunnel-agent': [ '0.6.0' ],
48 silly audit   tweetnacl: [ '0.14.5' ],
48 silly audit   'type-detect': [ '4.0.8' ],
48 silly audit   'type-fest': [ '0.8.1' ],
48 silly audit   'type-is': [ '1.6.18' ],
48 silly audit   'typedarray-to-buffer': [ '3.1.5' ],
48 silly audit   'uglify-js': [ '3.9.2' ],
48 silly audit   unpipe: [ '1.0.0' ],
48 silly audit   'uri-js': [ '4.2.2' ],
48 silly audit   'util-deprecate': [ '1.0.2' ],
48 silly audit   'utils-merge': [ '1.0.1' ],
48 silly audit   uuid: [ '3.3.3' ],
48 silly audit   vary: [ '1.1.2' ],
48 silly audit   verror: [ '1.10.0' ],
48 silly audit   which: [ '2.0.2' ],
48 silly audit   'which-module': [ '2.0.0' ],
48 silly audit   wordwrap: [ '1.0.0' ],
48 silly audit   workerpool: [ '6.2.0' ],
48 silly audit   wrappy: [ '1.0.2' ],
48 silly audit   'write-file-atomic': [ '3.0.3' ],
48 silly audit   'yargs-unparser': [ '2.0.0' ],
48 silly audit   'yocto-queue': [ '0.1.0' ]
48 silly audit }
49 verbose reify failed optional dependency /home/user109/events-app/external/node_modules/fsevents
50 silly reify mark deleted [ '/home/user109/events-app/external/node_modules/fsevents' ]
51 timing reifyNode:node_modules/fsevents Completed in 154ms
52 silly tarball no local data for wordwrap@https://registry.npmjs.org/wordwrap/-/wordwrap-1.0.0.tgz. Extracting by manifest.
53 silly tarball no local data for verror@https://registry.npmjs.org/verror/-/verror-1.10.0.tgz. Extracting by manifest.
54 silly tarball no local data for uuid@https://registry.npmjs.org/uuid/-/uuid-3.3.3.tgz. Extracting by manifest.
55 silly tarball no local data for uri-js@https://registry.npmjs.org/uri-js/-/uri-js-4.2.2.tgz. Extracting by manifest.
56 silly tarball no local data for uglify-js@https://registry.npmjs.org/uglify-js/-/uglify-js-3.9.2.tgz. Extracting by manifest.
57 silly tarball no local data for tweetnacl@https://registry.npmjs.org/tweetnacl/-/tweetnacl-0.14.5.tgz. Extracting by manifest.
58 silly tarball no local data for tunnel-agent@https://registry.npmjs.org/tunnel-agent/-/tunnel-agent-0.6.0.tgz. Extracting by manifest.
59 silly tarball no local data for tough-cookie@https://registry.npmjs.org/tough-cookie/-/tough-cookie-2.5.0.tgz. Extracting by manifest.
60 silly tarball no local data for sshpk@https://registry.npmjs.org/sshpk/-/sshpk-1.16.1.tgz. Extracting by manifest.
61 silly tarball no local data for semver@https://registry.npmjs.org/semver/-/semver-5.7.1.tgz. Extracting by manifest.
62 silly tarball no local data for request@https://registry.npmjs.org/request/-/request-2.88.2.tgz. Extracting by manifest.
63 silly tarball no local data for regexp.prototype.flags@https://registry.npmjs.org/regexp.prototype.flags/-/regexp.prototype.flags-1.2.0.tgz. Extracting by manifest.
64 silly tarball no local data for readable-stream@https://registry.npmjs.org/readable-stream/-/readable-stream-2.3.6.tgz. Extracting by manifest.
65 silly tarball no local data for qs@https://registry.npmjs.org/qs/-/qs-6.8.0.tgz. Extracting by manifest.
66 silly tarball no local data for punycode@https://registry.npmjs.org/punycode/-/punycode-2.1.1.tgz. Extracting by manifest.
67 silly tarball no local data for psl@https://registry.npmjs.org/psl/-/psl-1.8.0.tgz. Extracting by manifest.
68 silly tarball no local data for propagate@https://registry.npmjs.org/propagate/-/propagate-1.0.0.tgz. Extracting by manifest.
69 silly tarball no local data for performance-now@https://registry.npmjs.org/performance-now/-/performance-now-2.1.0.tgz. Extracting by manifest.
70 silly tarball no local data for object-keys@https://registry.npmjs.org/object-keys/-/object-keys-1.1.1.tgz. Extracting by manifest.
71 silly tarball no local data for object-is@https://registry.npmjs.org/object-is/-/object-is-1.0.1.tgz. Extracting by manifest.
72 silly tarball no local data for oauth-sign@https://registry.npmjs.org/oauth-sign/-/oauth-sign-0.9.0.tgz. Extracting by manifest.
73 silly tarball no local data for nock@https://registry.npmjs.org/nock/-/nock-10.0.6.tgz. Extracting by manifest.
74 silly tarball no local data for neo-async@https://registry.npmjs.org/neo-async/-/neo-async-2.6.1.tgz. Extracting by manifest.
75 silly tarball no local data for mkdirp@https://registry.npmjs.org/mkdirp/-/mkdirp-0.5.5.tgz. Extracting by manifest.
76 silly tarball no local data for lodash@https://registry.npmjs.org/lodash/-/lodash-4.17.21.tgz. Extracting by manifest.
77 silly tarball no local data for jsprim@https://registry.npmjs.org/jsprim/-/jsprim-1.4.2.tgz. Extracting by manifest.
78 silly tarball no local data for json-stringify-safe@https://registry.npmjs.org/json-stringify-safe/-/json-stringify-safe-5.0.1.tgz. Extracting by manifest.
79 silly tarball no local data for json-schema-traverse@https://registry.npmjs.org/json-schema-traverse/-/json-schema-traverse-0.4.1.tgz. Extracting by manifest.
80 silly tarball no local data for json-schema@https://registry.npmjs.org/json-schema/-/json-schema-0.4.0.tgz. Extracting by manifest.
81 silly tarball no local data for jsbn@https://registry.npmjs.org/jsbn/-/jsbn-0.1.1.tgz. Extracting by manifest.
82 silly tarball no local data for isstream@https://registry.npmjs.org/isstream/-/isstream-0.1.2.tgz. Extracting by manifest.
83 silly tarball no local data for is-regex@https://registry.npmjs.org/is-regex/-/is-regex-1.0.4.tgz. Extracting by manifest.
84 silly tarball no local data for is-date-object@https://registry.npmjs.org/is-date-object/-/is-date-object-1.0.1.tgz. Extracting by manifest.
85 silly tarball no local data for is-arguments@https://registry.npmjs.org/is-arguments/-/is-arguments-1.0.4.tgz. Extracting by manifest.
86 silly tarball no local data for inherits@https://registry.npmjs.org/inherits/-/inherits-2.0.4.tgz. Extracting by manifest.
87 silly tarball no local data for http-signature@https://registry.npmjs.org/http-signature/-/http-signature-1.2.0.tgz. Extracting by manifest.
88 silly tarball no local data for has@https://registry.npmjs.org/has/-/has-1.0.3.tgz. Extracting by manifest.
89 silly tarball no local data for har-validator@https://registry.npmjs.org/har-validator/-/har-validator-5.1.3.tgz. Extracting by manifest.
90 silly tarball no local data for har-schema@https://registry.npmjs.org/har-schema/-/har-schema-2.0.0.tgz. Extracting by manifest.
91 silly tarball no local data for handlebars@https://registry.npmjs.org/handlebars/-/handlebars-4.7.7.tgz. Extracting by manifest.
92 silly tarball no local data for getpass@https://registry.npmjs.org/getpass/-/getpass-0.1.7.tgz. Extracting by manifest.
93 silly tarball no local data for function-bind@https://registry.npmjs.org/function-bind/-/function-bind-1.1.1.tgz. Extracting by manifest.
94 silly tarball no local data for forever-agent@https://registry.npmjs.org/forever-agent/-/forever-agent-0.6.1.tgz. Extracting by manifest.
95 silly tarball no local data for fast-json-stable-stringify@https://registry.npmjs.org/fast-json-stable-stringify/-/fast-json-stable-stringify-2.1.0.tgz. Extracting by manifest.
96 silly tarball no local data for fast-deep-equal@https://registry.npmjs.org/fast-deep-equal/-/fast-deep-equal-3.1.1.tgz. Extracting by manifest.
97 silly tarball no local data for extsprintf@https://registry.npmjs.org/extsprintf/-/extsprintf-1.3.0.tgz. Extracting by manifest.
98 silly tarball no local data for express-handlebars@https://registry.npmjs.org/express-handlebars/-/express-handlebars-6.0.2.tgz. Extracting by manifest.
99 silly tarball no local data for ecc-jsbn@https://registry.npmjs.org/ecc-jsbn/-/ecc-jsbn-0.1.2.tgz. Extracting by manifest.
100 silly tarball no local data for define-properties@https://registry.npmjs.org/define-properties/-/define-properties-1.1.3.tgz. Extracting by manifest.
101 silly tarball no local data for deep-equal@https://registry.npmjs.org/deep-equal/-/deep-equal-1.1.0.tgz. Extracting by manifest.
102 silly tarball no local data for dashdash@https://registry.npmjs.org/dashdash/-/dashdash-1.14.1.tgz. Extracting by manifest.
103 silly tarball no local data for commander@https://registry.npmjs.org/commander/-/commander-2.20.3.tgz. Extracting by manifest.
104 silly tarball no local data for caseless@https://registry.npmjs.org/caseless/-/caseless-0.12.0.tgz. Extracting by manifest.
105 silly tarball no local data for bcrypt-pbkdf@https://registry.npmjs.org/bcrypt-pbkdf/-/bcrypt-pbkdf-1.0.2.tgz. Extracting by manifest.
106 silly tarball no local data for aws4@https://registry.npmjs.org/aws4/-/aws4-1.9.1.tgz. Extracting by manifest.
107 silly tarball no local data for aws-sign2@https://registry.npmjs.org/aws-sign2/-/aws-sign2-0.7.0.tgz. Extracting by manifest.
108 silly tarball no local data for assert-plus@https://registry.npmjs.org/assert-plus/-/assert-plus-1.0.0.tgz. Extracting by manifest.
109 silly tarball no local data for asn1@https://registry.npmjs.org/asn1/-/asn1-0.2.4.tgz. Extracting by manifest.
110 silly tarball no local data for ajv@https://registry.npmjs.org/ajv/-/ajv-6.12.6.tgz. Extracting by manifest.
111 silly tarball no local data for qs@https://registry.npmjs.org/qs/-/qs-6.5.2.tgz. Extracting by manifest.
112 silly tarball no local data for form-data@https://registry.npmjs.org/form-data/-/form-data-2.3.3.tgz. Extracting by manifest.
113 silly tarball no local data for debug@https://registry.npmjs.org/debug/-/debug-4.1.1.tgz. Extracting by manifest.
114 http fetch POST 200 https://registry.npmjs.org/-/npm/v1/security/advisories/bulk 1322ms
115 timing auditReport:getReport Completed in 1332ms
116 silly audit report {
116 silly audit report   semver: [
116 silly audit report     {
116 silly audit report       id: 1093262,
116 silly audit report       url: 'https://github.com/advisories/GHSA-c2qf-rxjj-qqgw',
116 silly audit report       title: 'semver vulnerable to Regular Expression Denial of Service',
116 silly audit report       severity: 'moderate',
116 silly audit report       vulnerable_versions: '<5.7.2',
116 silly audit report       cwe: [Array],
116 silly audit report       cvss: [Object]
116 silly audit report     },
116 silly audit report     {
116 silly audit report       id: 1093263,
116 silly audit report       url: 'https://github.com/advisories/GHSA-c2qf-rxjj-qqgw',
116 silly audit report       title: 'semver vulnerable to Regular Expression Denial of Service',
116 silly audit report       severity: 'moderate',
116 silly audit report       vulnerable_versions: '>=6.0.0 <6.3.1',
116 silly audit report       cwe: [Array],
116 silly audit report       cvss: [Object]
116 silly audit report     }
116 silly audit report   ],
116 silly audit report   qs: [
116 silly audit report     {
116 silly audit report       id: 1093397,
116 silly audit report       url: 'https://github.com/advisories/GHSA-hrpp-h998-j3pp',
116 silly audit report       title: 'qs vulnerable to Prototype Pollution',
116 silly audit report       severity: 'high',
116 silly audit report       vulnerable_versions: '>=6.5.0 <6.5.3',
116 silly audit report       cwe: [Array],
116 silly audit report       cvss: [Object]
116 silly audit report     },
116 silly audit report     {
116 silly audit report       id: 1093399,
116 silly audit report       url: 'https://github.com/advisories/GHSA-hrpp-h998-j3pp',
116 silly audit report       title: 'qs vulnerable to Prototype Pollution',
116 silly audit report       severity: 'high',
116 silly audit report       vulnerable_versions: '>=6.7.0 <6.7.3',
116 silly audit report       cwe: [Array],
116 silly audit report       cvss: [Object]
116 silly audit report     },
116 silly audit report     {
116 silly audit report       id: 1093400,
116 silly audit report       url: 'https://github.com/advisories/GHSA-hrpp-h998-j3pp',
116 silly audit report       title: 'qs vulnerable to Prototype Pollution',
116 silly audit report       severity: 'high',
116 silly audit report       vulnerable_versions: '>=6.8.0 <6.8.3',
116 silly audit report       cwe: [Array],
116 silly audit report       cvss: [Object]
116 silly audit report     }
116 silly audit report   ],
116 silly audit report   cookiejar: [
116 silly audit report     {
116 silly audit report       id: 1088659,
116 silly audit report       url: 'https://github.com/advisories/GHSA-h452-7996-h45h',
116 silly audit report       title: 'cookiejar Regular Expression Denial of Service via Cookie.parse function',
116 silly audit report       severity: 'moderate',
116 silly audit report       vulnerable_versions: '<2.1.4',
116 silly audit report       cwe: [Array],
116 silly audit report       cvss: [Object]
116 silly audit report     }
116 silly audit report   ],
116 silly audit report   json5: [
116 silly audit report     {
116 silly audit report       id: 1093382,
116 silly audit report       url: 'https://github.com/advisories/GHSA-9c47-m6qq-7p4h',
116 silly audit report       title: 'Prototype Pollution in JSON5 via Parse Method',
116 silly audit report       severity: 'high',
116 silly audit report       vulnerable_versions: '>=2.0.0 <2.2.2',
116 silly audit report       cwe: [Array],
116 silly audit report       cvss: [Object]
116 silly audit report     }
116 silly audit report   ],
116 silly audit report   minimatch: [
116 silly audit report     {
116 silly audit report       id: 1092637,
116 silly audit report       url: 'https://github.com/advisories/GHSA-f8q6-p94x-37v3',
116 silly audit report       title: 'minimatch ReDoS vulnerability',
116 silly audit report       severity: 'high',
116 silly audit report       vulnerable_versions: '<3.0.5',
116 silly audit report       cwe: [Array],
116 silly audit report       cvss: [Object]
116 silly audit report     }
116 silly audit report   ],
116 silly audit report   request: [
116 silly audit report     {
116 silly audit report       id: 1092972,
116 silly audit report       url: 'https://github.com/advisories/GHSA-p8p7-x288-28g6',
116 silly audit report       title: 'Server-Side Request Forgery in Request',
116 silly audit report       severity: 'moderate',
116 silly audit report       vulnerable_versions: '<=2.88.2',
116 silly audit report       cwe: [Array],
116 silly audit report       cvss: [Object]
116 silly audit report     }
116 silly audit report   ],
116 silly audit report   'tough-cookie': [
116 silly audit report     {
116 silly audit report       id: 1092470,
116 silly audit report       url: 'https://github.com/advisories/GHSA-72xf-g2v4-qvf3',
116 silly audit report       title: 'tough-cookie Prototype Pollution vulnerability',
116 silly audit report       severity: 'moderate',
116 silly audit report       vulnerable_versions: '<4.1.3',
116 silly audit report       cwe: [Array],
116 silly audit report       cvss: [Object]
116 silly audit report     }
116 silly audit report   ]
116 silly audit report }
117 timing metavuln:cache:get:security-advisory:semver:PlZgIkF6e3/0yLjqYqSrH86eUBw0BU9Wzsy4iARPg9G3iRIQ2GNxvejcQXeGaJot7HHphkgcPgSjq2bILFos4A== Completed in 69ms
118 timing metavuln:cache:get:security-advisory:qs:c7g50101kd5mYQxoh7RwLKpbXSqqreEhIY8mtXDnUUX8OcDcIE+qjbsp62kmwpzyRCqiSZv2x1cXtL9ch7boAA== Completed in 66ms
119 timing metavuln:cache:get:security-advisory:qs:4s5rkpK29/JxlTvqjlhNkHY3LiKUPsIMT+WbSilHvumWGOdqcSNc6a3eD0kkDUlf4h10kNCO8HRQFucLTxk2qw== Completed in 65ms
120 timing metavuln:cache:get:security-advisory:request:koWeGxnAvq4FABswDKpuz/5A9Fh4CEpyLScKR4Vcx8PqZAOQWapHQFcG4Z93jnNvMUUR00ZbC/YEgKSGkn+lcw== Completed in 61ms
121 timing metavuln:cache:get:security-advisory:tough-cookie:VNuwVxANcCKf9fmuD0Vt2V7tyUFg0MOcTBXo66LvguhCeFU0pqdKjCffmtFFsDUZMFdCTHimURRZB0jVSz1wRg== Completed in 60ms
122 timing reifyNode:node_modules/wrappy Completed in 2024ms
123 timing reifyNode:node_modules/wrap-ansi Completed in 2025ms
124 timing reifyNode:node_modules/toidentifier Completed in 2025ms
125 timing reifyNode:node_modules/to-fast-properties Completed in 2026ms
126 timing reifyNode:node_modules/shebang-command Completed in 2028ms
127 timing reifyNode:node_modules/process-nextick-args Completed in 2027ms
128 timing reifyNode:node_modules/path-is-absolute Completed in 2027ms
129 timing reifyNode:node_modules/package-hash Completed in 2028ms
130 timing reifyNode:node_modules/once Completed in 2028ms
131 timing reifyNode:node_modules/normalize-path Completed in 2023ms
132 timing reifyNode:node_modules/ms Completed in 2023ms
133 timing reifyNode:node_modules/lodash.flattendeep Completed in 2027ms
134 timing reifyNode:node_modules/is-windows Completed in 2028ms
135 timing reifyNode:node_modules/is-number Completed in 2027ms
136 timing reifyNode:node_modules/is-extglob Completed in 2028ms
137 timing reifyNode:node_modules/inflight Completed in 2028ms
138 timing reifyNode:node_modules/imurmurhash Completed in 2028ms
139 timing reifyNode:node_modules/find-cache-dir Completed in 2092ms
140 timing reifyNode:node_modules/escape-html Completed in 2092ms
141 timing reifyNode:node_modules/ee-first Completed in 2093ms
142 timing reifyNode:node_modules/destroy Completed in 2093ms
143 timing reifyNode:node_modules/decamelize Completed in 2093ms
144 timing reifyNode:node_modules/convert-source-map Completed in 2093ms
145 timing reifyNode:node_modules/color-name Completed in 2093ms
146 timing reifyNode:node_modules/caching-transform Completed in 2093ms
147 timing reifyNode:node_modules/browser-stdout Completed in 2093ms
148 timing reifyNode:node_modules/brace-expansion Completed in 2094ms
149 timing reifyNode:node_modules/array-flatten Completed in 2093ms
150 timing reifyNode:node_modules/send/node_modules/debug/node_modules/ms Completed in 2125ms
151 timing reifyNode:node_modules/nyc/node_modules/wrap-ansi Completed in 2121ms
152 timing reifyNode:node_modules/mocha/node_modules/ms Completed in 2116ms
153 timing reifyNode:node_modules/mocha/node_modules/debug/node_modules/ms Completed in 2116ms
154 timing reifyNode:node_modules/istanbul-lib-source-maps/node_modules/ms Completed in 2114ms
155 timing reifyNode:node_modules/finalhandler/node_modules/ms Completed in 2111ms
156 timing reifyNode:node_modules/express/node_modules/ms Completed in 2111ms
157 timing reifyNode:node_modules/body-parser/node_modules/ms Completed in 2105ms
158 timing reifyNode:node_modules/@babel/traverse/node_modules/ms Completed in 2103ms
159 timing reifyNode:node_modules/@babel/highlight/node_modules/has-flag Completed in 2102ms
160 timing reifyNode:node_modules/@babel/highlight/node_modules/escape-string-regexp Completed in 2102ms
161 timing reifyNode:node_modules/@babel/highlight/node_modules/ansi-styles Completed in 2103ms
162 timing reifyNode:node_modules/@babel/core/node_modules/ms Completed in 2101ms
163 timing reifyNode:node_modules/yocto-queue Completed in 2138ms
164 timing reifyNode:node_modules/which-module Completed in 2137ms
165 timing reifyNode:node_modules/vary Completed in 2137ms
166 timing reifyNode:node_modules/utils-merge Completed in 2137ms
167 timing reifyNode:node_modules/unpipe Completed in 2137ms
168 timing reifyNode:node_modules/type-is Completed in 2137ms
169 timing reifyNode:node_modules/to-regex-range Completed in 2137ms
170 timing reifyNode:node_modules/supports-color Completed in 2137ms
171 timing reifyNode:node_modules/strip-json-comments Completed in 2137ms
172 timing reifyNode:node_modules/strip-bom Completed in 2137ms
173 timing reifyNode:node_modules/strip-ansi Completed in 2138ms
174 timing reifyNode:node_modules/string-width Completed in 2138ms
175 timing reifyNode:node_modules/signal-exit Completed in 2138ms
176 timing reifyNode:node_modules/shebang-regex Completed in 2138ms
177 timing reifyNode:node_modules/set-blocking Completed in 2138ms
178 timing reifyNode:node_modules/serialize-javascript Completed in 2138ms
179 timing reifyNode:node_modules/resolve-from Completed in 2138ms
180 timing reifyNode:node_modules/require-main-filename Completed in 2138ms
181 timing reifyNode:node_modules/range-parser Completed in 2138ms
182 timing reifyNode:node_modules/process-on-spawn Completed in 2137ms
183 timing reifyNode:node_modules/pkg-dir Completed in 2137ms
184 timing reifyNode:node_modules/path-to-regexp Completed in 2138ms
185 timing reifyNode:node_modules/path-key Completed in 2137ms
186 timing reifyNode:node_modules/path-exists Completed in 2137ms
187 timing reifyNode:node_modules/parseurl Completed in 2137ms
188 timing reifyNode:node_modules/p-try Completed in 2137ms
189 timing reifyNode:node_modules/p-map Completed in 2137ms
190 timing reifyNode:node_modules/p-locate Completed in 2137ms
191 timing reifyNode:node_modules/p-limit Completed in 2137ms
192 timing reifyNode:node_modules/on-finished Completed in 2137ms
193 timing reifyNode:node_modules/mime-types Completed in 2132ms
194 timing reifyNode:node_modules/methods Completed in 2132ms
195 timing reifyNode:node_modules/merge-descriptors Completed in 2131ms
196 timing reifyNode:node_modules/media-typer Completed in 2132ms
197 timing reifyNode:node_modules/make-dir Completed in 2132ms
198 timing reifyNode:node_modules/locate-path Completed in 2133ms
199 timing reifyNode:node_modules/is-unicode-supported Completed in 2135ms
200 timing reifyNode:node_modules/is-typedarray Completed in 2134ms
201 timing reifyNode:node_modules/is-stream Completed in 2135ms
202 timing reifyNode:node_modules/is-plain-obj Completed in 2135ms
203 timing reifyNode:node_modules/is-glob Completed in 2135ms
204 timing reifyNode:node_modules/is-fullwidth-code-point Completed in 2136ms
205 timing reifyNode:node_modules/is-binary-path Completed in 2136ms
206 timing reifyNode:node_modules/indent-string Completed in 2136ms
207 timing reifyNode:node_modules/has-flag Completed in 2136ms
208 timing reifyNode:node_modules/glob-parent Completed in 2137ms
209 timing reifyNode:node_modules/get-func-name Completed in 2137ms
210 timing reifyNode:node_modules/fromentries Completed in 2137ms
211 timing reifyNode:node_modules/fresh Completed in 2138ms
212 timing reifyNode:node_modules/forwarded Completed in 2138ms
213 timing reifyNode:node_modules/find-up Completed in 2138ms
214 timing reifyNode:node_modules/finalhandler Completed in 2173ms
215 timing reifyNode:node_modules/fill-range Completed in 2174ms
216 timing reifyNode:node_modules/etag Completed in 2175ms
217 timing reifyNode:node_modules/escape-string-regexp Completed in 2174ms
218 timing reifyNode:node_modules/encodeurl Completed in 2175ms
219 timing reifyNode:node_modules/default-require-extensions Completed in 2176ms
220 timing reifyNode:node_modules/cookiejar Completed in 2175ms
221 timing reifyNode:node_modules/cookie-signature Completed in 2176ms
222 timing reifyNode:node_modules/content-type Completed in 2175ms
223 timing reifyNode:node_modules/component-emitter Completed in 2174ms
224 timing reifyNode:node_modules/clean-stack Completed in 2174ms
225 timing reifyNode:node_modules/camelcase Completed in 2174ms
226 timing reifyNode:node_modules/bytes Completed in 2174ms
227 timing reifyNode:node_modules/balanced-match Completed in 2173ms
228 timing reifyNode:node_modules/assertion-error Completed in 2173ms
229 timing reifyNode:node_modules/append-transform Completed in 2173ms
230 timing reifyNode:node_modules/anymatch Completed in 2173ms
231 timing reifyNode:node_modules/ansi-regex Completed in 2173ms
232 timing reifyNode:node_modules/aggregate-error Completed in 2173ms
233 timing reifyNode:node_modules/accepts Completed in 2173ms
234 timing reifyNode:node_modules/@babel/highlight Completed in 2173ms
235 timing reifyNode:node_modules/@babel/helper-split-export-declaration Completed in 2173ms
236 timing reifyNode:node_modules/@babel/helper-simple-access Completed in 2172ms
237 timing reifyNode:node_modules/@babel/helper-hoist-variables Completed in 2173ms
238 timing reifyNode:node_modules/@babel/helper-get-function-arity Completed in 2173ms
239 timing reifyNode:node_modules/@babel/helper-function-name Completed in 2173ms
240 timing reifyNode:node_modules/@babel/helper-environment-visitor Completed in 2173ms
241 timing reifyNode:node_modules/@babel/code-frame Completed in 2173ms
242 timing reifyNode:node_modules/yargs-unparser/node_modules/decamelize Completed in 2209ms
243 timing reifyNode:node_modules/yargs-unparser/node_modules/camelcase Completed in 2209ms
244 timing reifyNode:node_modules/pkg-dir/node_modules/p-locate Completed in 2202ms
245 timing reifyNode:node_modules/pkg-dir/node_modules/p-limit Completed in 2203ms
246 timing reifyNode:node_modules/pkg-dir/node_modules/locate-path Completed in 2203ms
247 timing reifyNode:node_modules/pkg-dir/node_modules/find-up Completed in 2203ms
248 timing reifyNode:node_modules/nyc/node_modules/y18n Completed in 2200ms
249 timing reifyNode:node_modules/nyc/node_modules/p-locate Completed in 2198ms
250 timing reifyNode:node_modules/nyc/node_modules/p-limit Completed in 2198ms
251 timing reifyNode:node_modules/nyc/node_modules/locate-path Completed in 2198ms
252 timing reifyNode:node_modules/nyc/node_modules/find-up Completed in 2197ms
253 timing reifyNode:node_modules/istanbul-lib-report/node_modules/supports-color Completed in 2194ms
254 timing reifyNode:node_modules/http-errors/node_modules/inherits Completed in 2192ms
255 timing reifyNode:node_modules/chalk/node_modules/supports-color Completed in 2186ms
256 timing reifyNode:node_modules/@istanbuljs/load-nyc-config/node_modules/p-locate Completed in 2182ms
257 timing reifyNode:node_modules/@istanbuljs/load-nyc-config/node_modules/p-limit Completed in 2182ms
258 timing reifyNode:node_modules/@istanbuljs/load-nyc-config/node_modules/locate-path Completed in 2182ms
259 timing reifyNode:node_modules/@istanbuljs/load-nyc-config/node_modules/find-up Completed in 2182ms
260 timing reifyNode:node_modules/@babel/highlight/node_modules/supports-color Completed in 2181ms
261 timing reifyNode:node_modules/yargs-unparser Completed in 2216ms
262 timing reifyNode:node_modules/write-file-atomic Completed in 2216ms
263 timing reifyNode:node_modules/util-deprecate Completed in 2215ms
264 timing reifyNode:node_modules/proxy-addr Completed in 2214ms
265 timing reifyNode:node_modules/pathval Completed in 2214ms
266 timing reifyNode:node_modules/minimatch Completed in 2206ms
267 timing reifyNode:node_modules/log-symbols Completed in 2206ms
268 timing reifyNode:node_modules/js-tokens Completed in 2205ms
269 timing reifyNode:node_modules/get-caller-file Completed in 2205ms
270 timing reifyNode:node_modules/fs.realpath Completed in 2205ms
271 timing reifyNode:node_modules/foreground-child Completed in 2206ms
272 timing reifyNode:node_modules/http-errors Completed in 2213ms
273 timing reifyNode:node_modules/cookie Completed in 2240ms
274 timing reifyNode:node_modules/combined-stream Completed in 2240ms
275 timing reifyNode:node_modules/ansi-styles Completed in 2238ms
276 timing reifyNode:node_modules/@istanbuljs/load-nyc-config Completed in 2238ms
277 timing metavuln:cache:get:security-advisory:semver:ylVPedjv/X8TpgairrCUKxYrttyJ3d9KZq9OUWSImrjp5hbdN12y00p2CHArh2hdr4BFmY4wjnBtJ5hGE9Q1vQ== Completed in 948ms
278 timing metavuln:cache:get:security-advisory:qs:nwAN35acX58RcUFo+R+/y3JnjCDn8jHfH4A5Nt0Hlw+LadPOnylB+POdhZIX4fzjjOrwKUE3u58ifg77XCpw2g== Completed in 947ms
279 timing metavuln:cache:get:security-advisory:cookiejar:20tDwH6fYKn++PbMnx2tUulmtbaV/gdoUXXQX3IJ8Qzg+tx34k0HmLCCRQ68aR/TWyVmR5LbQdagWrak8dhhtw== Completed in 946ms
280 timing metavuln:cache:get:security-advisory:json5:m8W7Rwes/ZJ3ORDHxkA5k2j6IovRIGYScT57x5Vs/y8+LrIlJT0ouu44rfTSXvXLHGtXO/p28yaGgJlnXB95+A== Completed in 945ms
281 timing metavuln:cache:get:security-advisory:minimatch:p95wqm4LFYda8MqIRhnJXQzvuVqj41xyGSOJfNTqDPjDKg480m5l2FhiUVP1JR7YWhTNbFJAK29w5AyMROsYuQ== Completed in 944ms
282 timing reifyNode:node_modules/which Completed in 2276ms
283 timing reifyNode:node_modules/supertest Completed in 2275ms
284 timing reifyNode:node_modules/string_decoder Completed in 2276ms
285 timing reifyNode:node_modules/setprototypeof Completed in 2276ms
286 timing reifyNode:node_modules/serve-static Completed in 2276ms
287 timing reifyNode:node_modules/safe-buffer Completed in 2275ms
288 timing reifyNode:node_modules/readdirp Completed in 2275ms
289 timing reifyNode:node_modules/picocolors Completed in 2274ms
290 timing reifyNode:node_modules/istanbul-lib-processinfo Completed in 2265ms
291 timing reifyNode:node_modules/globals Completed in 2265ms
292 timing reifyNode:node_modules/hasha Completed in 2270ms
293 timing reifyNode:node_modules/delayed-stream Completed in 2286ms
294 timing reifyNode:node_modules/content-disposition Completed in 2286ms
295 timing reifyNode:node_modules/check-error Completed in 2284ms
296 timing reifyNode:node_modules/binary-extensions Completed in 2284ms
297 timing reifyNode:node_modules/@istanbuljs/schema Completed in 2285ms
298 timing reifyNode:node_modules/@babel/helper-validator-option Completed in 2284ms
299 timing reifyNode:node_modules/nyc/node_modules/cliui Completed in 2307ms
300 timing reifyNode:node_modules/@babel/highlight/node_modules/color-name Completed in 2291ms
301 timing reifyNode:node_modules/typedarray-to-buffer Completed in 2324ms
302 timing reifyNode:node_modules/type-detect Completed in 2324ms
303 timing reifyNode:node_modules/send Completed in 2322ms
304 timing reifyNode:node_modules/rimraf Completed in 2323ms
305 timing reifyNode:node_modules/require-directory Completed in 2323ms
306 timing reifyNode:node_modules/raw-body Completed in 2322ms
307 timing reifyNode:node_modules/randombytes Completed in 2322ms
308 timing reifyNode:node_modules/isarray Completed in 2313ms
309 timing reifyNode:node_modules/commondir Completed in 2332ms
310 timing reifyNode:node_modules/statuses Completed in 2362ms
311 timing reifyNode:node_modules/istanbul-lib-hook Completed in 2358ms
312 timing reifyNode:node_modules/get-package-type Completed in 2357ms
313 timing reifyNode:node_modules/deep-eql Completed in 2376ms
314 timing reifyNode:node_modules/core-util-is Completed in 2376ms
315 timing reifyNode:node_modules/concat-map Completed in 2376ms
316 timing reifyNode:node_modules/color-convert Completed in 2375ms
317 timing reifyNode:node_modules/ansi-colors Completed in 2371ms
318 timing reifyNode:node_modules/@babel/helper-validator-identifier Completed in 2371ms
319 timing reifyNode:node_modules/mocha/node_modules/debug Completed in 2392ms
320 timing reifyNode:node_modules/istanbul-lib-source-maps/node_modules/debug Completed in 2391ms
321 timing reifyNode:node_modules/@babel/traverse/node_modules/debug Completed in 2379ms
322 timing reifyNode:node_modules/@babel/highlight/node_modules/color-convert Completed in 2379ms
323 timing reifyNode:node_modules/@babel/core/node_modules/debug Completed in 2378ms
324 timing reifyNode:node_modules/test-exclude Completed in 2411ms
325 timing reifyNode:node_modules/safer-buffer Completed in 2411ms
326 timing reifyNode:node_modules/release-zalgo Completed in 2410ms
327 timing reifyNode:node_modules/isexe Completed in 2402ms
328 timing reifyNode:node_modules/graceful-fs Completed in 2401ms
329 timing reifyNode:node_modules/flat Completed in 2401ms
330 timing reifyNode:node_modules/extend Completed in 2424ms
331 timing reifyNode:node_modules/es6-error Completed in 2423ms
332 timing reifyNode:node_modules/@ungap/promise-all-settled Completed in 2417ms
333 timing reifyNode:node_modules/@babel/helper-module-imports Completed in 2416ms
334 timing reifyNode:node_modules/@babel/highlight/node_modules/chalk Completed in 2421ms
335 timing reifyNode:node_modules/negotiator Completed in 2441ms
336 timing reifyNode:node_modules/ipaddr.js Completed in 2439ms
337 timing reifyNode:node_modules/gensync Completed in 2438ms
338 timing reifyNode:node_modules/form-data Completed in 2438ms
339 timing reifyNode:node_modules/glob Completed in 2445ms
340 timing reifyNode:node_modules/escalade Completed in 2467ms
341 timing reifyNode:node_modules/chalk Completed in 2465ms
342 timing reifyNode:node_modules/node-releases Completed in 2484ms
343 timing reifyNode:node_modules/jsesc Completed in 2482ms
344 timing reifyNode:node_modules/emoji-regex Completed in 2492ms
345 timing reifyNode:node_modules/cross-spawn Completed in 2492ms
346 timing reifyNode:node_modules/archy Completed in 2488ms
347 timing reifyNode:node_modules/@babel/helper-compilation-targets Completed in 2484ms
348 timing reifyNode:node_modules/node-preload Completed in 2508ms
349 timing reifyNode:node_modules/@babel/helper-module-transforms Completed in 2510ms
350 timing reifyNode:node_modules/nyc/node_modules/yargs-parser Completed in 2537ms
351 timing reifyNode:node_modules/make-dir/node_modules/semver Completed in 2530ms
352 timing reifyNode:node_modules/istanbul-lib-instrument/node_modules/semver Completed in 2529ms
353 timing reifyNode:node_modules/@babel/helper-compilation-targets/node_modules/semver Completed in 2514ms
354 timing reifyNode:node_modules/@babel/core/node_modules/semver Completed in 2513ms
355 timing reifyNode:node_modules/y18n Completed in 2549ms
356 timing reifyNode:node_modules/cliui Completed in 2540ms
357 timing reifyNode:node_modules/@jridgewell/sourcemap-codec Completed in 2537ms
358 timing reifyNode:node_modules/@jridgewell/resolve-uri Completed in 2537ms
359 timing reifyNode:node_modules/@babel/template Completed in 2536ms
360 timing reifyNode:node_modules/mime Completed in 2557ms
361 timing reifyNode:node_modules/istanbul-lib-coverage Completed in 2556ms
362 timing reifyNode:node_modules/html-escaper Completed in 2554ms
363 timing reifyNode:node_modules/istanbul-lib-source-maps Completed in 2594ms
364 timing reifyNode:node_modules/istanbul-lib-report Completed in 2594ms
365 timing reifyNode:node_modules/he Completed in 2592ms
366 timing reifyNode:node_modules/growl Completed in 2592ms
367 timing reifyNode:node_modules/debug Completed in 2602ms
368 timing reifyNode:node_modules/braces Completed in 2599ms
369 timing reifyNode:node_modules/istanbul-lib-instrument Completed in 2615ms
370 timing reifyNode:node_modules/browserslist Completed in 2620ms
371 timing reifyNode:node_modules/@jridgewell/trace-mapping Completed in 2617ms
372 timing reifyNode:node_modules/picomatch Completed in 2646ms
373 timing reifyNode:node_modules/mime-db Completed in 2638ms
374 http fetch GET 200 https://registry.npmjs.org/inherits/-/inherits-2.0.4.tgz 2161ms (cache miss)
375 timing reifyNode:node_modules/inherits Completed in 2643ms
376 timing reifyNode:node_modules/depd Completed in 2645ms
377 timing reifyNode:node_modules/chokidar Completed in 2641ms
378 timing reifyNode:node_modules/body-parser Completed in 2640ms
379 timing reifyNode:node_modules/argparse Completed in 2639ms
380 http fetch GET 200 https://registry.npmjs.org/semver 1348ms (cache hit)
381 timing metavuln:packument:semver Completed in 1351ms
382 timing metavuln:load:security-advisory:semver:1093262 Completed in 4ms
383 timing metavuln:load:security-advisory:semver:1093263 Completed in 1ms
384 timing metavuln:calculate:security-advisory:semver:1093263 Completed in 1355ms
385 http fetch GET 200 https://registry.npmjs.org/qs 1354ms (cache hit)
386 timing metavuln:packument:qs Completed in 1356ms
387 timing metavuln:load:security-advisory:qs:1093397 Completed in 6ms
388 timing metavuln:load:security-advisory:qs:1093399 Completed in 1ms
389 timing metavuln:calculate:security-advisory:qs:1093399 Completed in 1363ms
390 timing metavuln:load:security-advisory:qs:1093400 Completed in 5ms
391 http fetch GET 200 https://registry.npmjs.org/cookiejar 1367ms (cache hit)
392 timing metavuln:packument:cookiejar Completed in 1369ms
393 timing metavuln:load:security-advisory:cookiejar:1088659 Completed in 0ms
394 timing metavuln:calculate:security-advisory:cookiejar:1088659 Completed in 1369ms
395 http fetch GET 200 https://registry.npmjs.org/json5 1368ms (cache hit)
396 timing metavuln:packument:json5 Completed in 1379ms
397 timing metavuln:load:security-advisory:json5:1093382 Completed in 1ms
398 timing metavuln:calculate:security-advisory:json5:1093382 Completed in 1380ms
399 http fetch GET 200 https://registry.npmjs.org/minimatch 1378ms (cache hit)
400 timing metavuln:packument:minimatch Completed in 1381ms
401 timing metavuln:load:security-advisory:minimatch:1092637 Completed in 1ms
402 timing metavuln:calculate:security-advisory:minimatch:1092637 Completed in 1383ms
403 timing reifyNode:node_modules/yargs-parser Completed in 2715ms
404 http fetch GET 200 https://registry.npmjs.org/object-keys/-/object-keys-1.1.1.tgz 2290ms (cache miss)
405 http fetch GET 200 https://registry.npmjs.org/is-regex/-/is-regex-1.0.4.tgz 2231ms (cache miss)
406 timing reifyNode:node_modules/is-regex Completed in 2704ms
407 http fetch GET 200 https://registry.npmjs.org/har-validator/-/har-validator-5.1.3.tgz 2216ms (cache miss)
408 timing reifyNode:node_modules/har-validator Completed in 2706ms
409 http fetch GET 200 https://registry.npmjs.org/mkdirp/-/mkdirp-0.5.5.tgz 2296ms (cache miss)
410 timing reifyNode:node_modules/mkdirp Completed in 2724ms
411 http fetch GET 200 https://registry.npmjs.org/forever-agent/-/forever-agent-0.6.1.tgz 2194ms (cache miss)
412 timing reifyNode:node_modules/forever-agent Completed in 2721ms
413 http fetch GET 200 https://registry.npmjs.org/define-properties/-/define-properties-1.1.3.tgz 2177ms (cache miss)
414 timing reifyNode:node_modules/@babel/compat-data Completed in 2712ms
415 timing reifyNode:node_modules/object-keys Completed in 2745ms
416 http fetch GET 200 https://registry.npmjs.org/isstream/-/isstream-0.1.2.tgz 2267ms (cache miss)
417 timing reifyNode:node_modules/isstream Completed in 2737ms
418 timing reifyNode:node_modules/define-properties Completed in 2734ms
419 timing reifyNode:node_modules/asynckit Completed in 2731ms
420 http fetch GET 200 https://registry.npmjs.org/propagate/-/propagate-1.0.0.tgz 2347ms (cache miss)
421 timing reifyNode:node_modules/propagate Completed in 2765ms
422 http fetch GET 200 https://registry.npmjs.org/object-is/-/object-is-1.0.1.tgz 2340ms (cache miss)
423 timing reifyNode:node_modules/object-is Completed in 2763ms
424 http fetch GET 200 https://registry.npmjs.org/is-date-object/-/is-date-object-1.0.1.tgz 2278ms (cache miss)
425 timing reifyNode:node_modules/is-date-object Completed in 2755ms
426 http fetch GET 200 https://registry.npmjs.org/http-signature/-/http-signature-1.2.0.tgz 2271ms (cache miss)
427 http fetch GET 200 https://registry.npmjs.org/has/-/has-1.0.3.tgz 2269ms (cache miss)
428 timing reifyNode:node_modules/has Completed in 2756ms
429 http fetch GET 200 https://registry.npmjs.org/har-schema/-/har-schema-2.0.0.tgz 2263ms (cache miss)
430 http fetch GET 200 https://registry.npmjs.org/aws4/-/aws4-1.9.1.tgz 2190ms (cache miss)
431 timing reifyNode:node_modules/aws4 Completed in 2748ms
432 http fetch GET 200 https://registry.npmjs.org/fast-deep-equal/-/fast-deep-equal-3.1.1.tgz 2223ms (cache miss)
433 timing reifyNode:node_modules/fast-deep-equal Completed in 2756ms
434 timing reifyNode:node_modules/@ampproject/remapping Completed in 2750ms
435 timing reifyNode:node_modules/send/node_modules/debug Completed in 2781ms
436 timing reifyNode:node_modules/finalhandler/node_modules/debug Completed in 2764ms
437 timing reifyNode:node_modules/express/node_modules/debug Completed in 2765ms
438 timing reifyNode:node_modules/body-parser/node_modules/debug Completed in 2758ms
439 timing reifyNode:node_modules/spawn-wrap Completed in 2785ms
440 http fetch GET 200 https://registry.npmjs.org/tunnel-agent/-/tunnel-agent-0.6.0.tgz 2397ms (cache miss)
441 timing reifyNode:node_modules/tunnel-agent Completed in 2792ms
442 http fetch GET 200 https://registry.npmjs.org/json-stringify-safe/-/json-stringify-safe-5.0.1.tgz 2340ms (cache miss)
443 timing reifyNode:node_modules/json-stringify-safe Completed in 2779ms
444 timing reifyNode:node_modules/http-signature Completed in 2776ms
445 http fetch GET 200 https://registry.npmjs.org/function-bind/-/function-bind-1.1.1.tgz 2251ms (cache miss)
446 timing reifyNode:node_modules/function-bind Completed in 2776ms
447 http fetch GET 200 https://registry.npmjs.org/punycode/-/punycode-2.1.1.tgz 2381ms (cache miss)
448 timing reifyNode:node_modules/punycode Completed in 2796ms
449 timing reifyNode:node_modules/sprintf-js Completed in 2799ms
450 timing reifyNode:node_modules/formidable Completed in 2784ms
451 http fetch GET 200 https://registry.npmjs.org/regexp.prototype.flags/-/regexp.prototype.flags-1.2.0.tgz 2394ms (cache miss)
452 timing reifyNode:node_modules/regexp.prototype.flags Completed in 2802ms
453 http fetch GET 200 https://registry.npmjs.org/oauth-sign/-/oauth-sign-0.9.0.tgz 2374ms (cache miss)
454 timing reifyNode:node_modules/oauth-sign Completed in 2801ms
455 http fetch GET 200 https://registry.npmjs.org/json-schema/-/json-schema-0.4.0.tgz 2331ms (cache miss)
456 timing reifyNode:node_modules/json-schema Completed in 2795ms
457 http fetch GET 200 https://registry.npmjs.org/caseless/-/caseless-0.12.0.tgz 2239ms (cache miss)
458 timing reifyNode:node_modules/caseless Completed in 2793ms
459 http fetch GET 200 https://registry.npmjs.org/aws-sign2/-/aws-sign2-0.7.0.tgz 2231ms (cache miss)
460 timing reifyNode:node_modules/aws-sign2 Completed in 2792ms
461 timing reifyNode:node_modules/electron-to-chromium Completed in 2800ms
462 http fetch GET 200 https://registry.npmjs.org/performance-now/-/performance-now-2.1.0.tgz 2406ms (cache miss)
463 http fetch GET 200 https://registry.npmjs.org/is-arguments/-/is-arguments-1.0.4.tgz 2337ms (cache miss)
464 timing reifyNode:node_modules/is-arguments Completed in 2816ms
465 http fetch GET 200 https://registry.npmjs.org/bcrypt-pbkdf/-/bcrypt-pbkdf-1.0.2.tgz 2252ms (cache miss)
466 timing reifyNode:node_modules/bcrypt-pbkdf Completed in 2807ms
467 http fetch GET 200 https://registry.npmjs.org/ecc-jsbn/-/ecc-jsbn-0.1.2.tgz 2273ms (cache miss)
468 timing reifyNode:node_modules/ecc-jsbn Completed in 2814ms
469 timing reifyNode:node_modules/type-fest Completed in 2841ms
470 http fetch GET 200 https://registry.npmjs.org/verror/-/verror-1.10.0.tgz 2464ms (cache miss)
471 timing reifyNode:node_modules/verror Completed in 2848ms
472 timing reifyNode:node_modules/minimist Completed in 2842ms
473 http fetch GET 200 https://registry.npmjs.org/getpass/-/getpass-0.1.7.tgz 2342ms (cache miss)
474 timing reifyNode:node_modules/getpass Completed in 2842ms
475 http fetch GET 200 https://registry.npmjs.org/commander/-/commander-2.20.3.tgz 2287ms (cache miss)
476 timing reifyNode:node_modules/commander Completed in 2838ms
477 http fetch GET 200 https://registry.npmjs.org/assert-plus/-/assert-plus-1.0.0.tgz 2270ms (cache miss)
478 timing reifyNode:node_modules/assert-plus Completed in 2835ms
479 timing reifyNode:node_modules/@babel/helpers Completed in 2835ms
480 timing reifyNode:node_modules/performance-now Completed in 2867ms
481 http fetch GET 200 https://registry.npmjs.org/jsprim/-/jsprim-1.4.2.tgz 2423ms (cache miss)
482 timing reifyNode:node_modules/jsprim Completed in 2859ms
483 http fetch GET 200 https://registry.npmjs.org/fast-json-stable-stringify/-/fast-json-stable-stringify-2.1.0.tgz 2324ms (cache miss)
484 http fetch GET 200 https://registry.npmjs.org/deep-equal/-/deep-equal-1.1.0.tgz 2308ms (cache miss)
485 timing reifyNode:node_modules/deep-equal Completed in 2855ms
486 http fetch GET 200 https://registry.npmjs.org/debug/-/debug-4.1.1.tgz 2233ms (cache miss)
487 timing reifyNode:node_modules/nock/node_modules/debug Completed in 2865ms
488 timing reifyNode:node_modules/esprima Completed in 2859ms
489 http fetch GET 200 https://registry.npmjs.org/json-schema-traverse/-/json-schema-traverse-0.4.1.tgz 2431ms (cache miss)
490 timing reifyNode:node_modules/json-schema-traverse Completed in 2875ms
491 timing reifyNode:node_modules/fast-json-stable-stringify Completed in 2893ms
492 http fetch GET 200 https://registry.npmjs.org/extsprintf/-/extsprintf-1.3.0.tgz 2359ms (cache miss)
493 timing reifyNode:node_modules/extsprintf Completed in 2894ms
494 http fetch GET 200 https://registry.npmjs.org/asn1/-/asn1-0.2.4.tgz 2321ms (cache miss)
495 timing reifyNode:node_modules/asn1 Completed in 2888ms
496 timing reifyNode:node_modules/nanoid Completed in 2907ms
497 http fetch GET 200 https://registry.npmjs.org/semver/-/semver-5.7.1.tgz 2516ms (cache miss)
498 timing reifyNode:node_modules/semver Completed in 2919ms
499 timing reifyNode:node_modules/har-schema Completed in 2906ms
500 timing reifyNode:node_modules/express/node_modules/qs Completed in 2915ms
501 timing reifyNode:node_modules/body-parser/node_modules/qs Completed in 2909ms
502 http fetch GET 200 https://registry.npmjs.org/form-data/-/form-data-2.3.3.tgz 2301ms (cache miss)
503 timing reifyNode:node_modules/request/node_modules/form-data Completed in 2936ms
504 http fetch GET 200 https://registry.npmjs.org/tough-cookie 1610ms (cache miss)
505 timing metavuln:packument:tough-cookie Completed in 1611ms
506 timing metavuln:load:security-advisory:tough-cookie:1092470 Completed in 1ms
507 http fetch GET 200 https://registry.npmjs.org/jsbn/-/jsbn-0.1.1.tgz 2471ms (cache miss)
508 timing reifyNode:node_modules/jsbn Completed in 2938ms
509 timing reifyNode:node_modules/express Completed in 2934ms
510 timing metavuln:cache:put:security-advisory:qs:4s5rkpK29/JxlTvqjlhNkHY3LiKUPsIMT+WbSilHvumWGOdqcSNc6a3eD0kkDUlf4h10kNCO8HRQFucLTxk2qw== Completed in 265ms
511 timing metavuln:calculate:security-advisory:qs:1093400 Completed in 1633ms
512 timing metavuln:cache:put:security-advisory:semver:PlZgIkF6e3/0yLjqYqSrH86eUBw0BU9Wzsy4iARPg9G3iRIQ2GNxvejcQXeGaJot7HHphkgcPgSjq2bILFos4A== Completed in 282ms
513 timing metavuln:calculate:security-advisory:semver:1093262 Completed in 1638ms
514 timing reifyNode:node_modules/nyc Completed in 2964ms
515 http fetch GET 200 https://registry.npmjs.org/wordwrap/-/wordwrap-1.0.0.tgz 2594ms (cache miss)
516 timing reifyNode:node_modules/wordwrap Completed in 2973ms
517 http fetch GET 200 https://registry.npmjs.org/tough-cookie/-/tough-cookie-2.5.0.tgz 2575ms (cache miss)
518 timing reifyNode:node_modules/tough-cookie Completed in 2972ms
519 http fetch GET 200 https://registry.npmjs.org/uuid/-/uuid-3.3.3.tgz 2588ms (cache miss)
520 timing reifyNode:node_modules/uuid Completed in 2974ms
521 timing reifyNode:node_modules/@babel/generator Completed in 2947ms
522 timing metavuln:cache:put:security-advisory:qs:c7g50101kd5mYQxoh7RwLKpbXSqqreEhIY8mtXDnUUX8OcDcIE+qjbsp62kmwpzyRCqiSZv2x1cXtL9ch7boAA== Completed in 300ms
523 timing metavuln:calculate:security-advisory:qs:1093397 Completed in 1662ms
524 timing reifyNode:node_modules/json5 Completed in 2982ms
525 http fetch GET 200 https://registry.npmjs.org/dashdash/-/dashdash-1.14.1.tgz 2454ms (cache miss)
526 timing reifyNode:node_modules/dashdash Completed in 3003ms
527 timing reifyNode:node_modules/@istanbuljs/load-nyc-config/node_modules/argparse Completed in 3012ms
528 timing reifyNode:node_modules/iconv-lite Completed in 3033ms
529 http fetch GET 200 https://registry.npmjs.org/qs/-/qs-6.5.2.tgz 2429ms (cache miss)
530 timing reifyNode:node_modules/request/node_modules/qs Completed in 3058ms
531 timing reifyNode:node_modules/workerpool Completed in 3077ms
532 http fetch GET 200 https://registry.npmjs.org/request 1766ms (cache miss)
533 timing metavuln:packument:request Completed in 1769ms
534 timing metavuln:load:security-advisory:request:1092972 Completed in 12ms
535 timing metavuln:cache:put:security-advisory:tough-cookie:VNuwVxANcCKf9fmuD0Vt2V7tyUFg0MOcTBXo66LvguhCeFU0pqdKjCffmtFFsDUZMFdCTHimURRZB0jVSz1wRg== Completed in 178ms
536 timing metavuln:calculate:security-advisory:tough-cookie:1092470 Completed in 1791ms
537 http fetch GET 200 https://registry.npmjs.org/readable-stream/-/readable-stream-2.3.6.tgz 2711ms (cache miss)
538 timing reifyNode:node_modules/readable-stream Completed in 3121ms
539 http fetch GET 200 https://registry.npmjs.org/qs/-/qs-6.8.0.tgz 2744ms (cache miss)
540 timing reifyNode:node_modules/qs Completed in 3156ms
541 timing reifyNode:node_modules/superagent Completed in 3174ms
542 http fetch GET 200 https://registry.npmjs.org/tweetnacl/-/tweetnacl-0.14.5.tgz 2783ms (cache miss)
543 timing reifyNode:node_modules/tweetnacl Completed in 3177ms
544 timing reifyNode:node_modules/@babel/traverse Completed in 3157ms
545 timing reifyNode:node_modules/js-yaml Completed in 3181ms
546 timing reifyNode:node_modules/diff Completed in 3179ms
547 timing metavuln:cache:put:security-advisory:request:koWeGxnAvq4FABswDKpuz/5A9Fh4CEpyLScKR4Vcx8PqZAOQWapHQFcG4Z93jnNvMUUR00ZbC/YEgKSGkn+lcw== Completed in 111ms
548 timing metavuln:calculate:security-advisory:request:1092972 Completed in 1892ms
549 timing metavuln:cache:get:security-advisory:nock:mwri+9oTBNj4fRBy0+ccMI79JZSv6t8BklKJ0HgN3uUu+QNGhWOjFm7A9YOyRQ6lVvPqriS6TRwEgabOguS8KA== Completed in 6ms
550 timing reifyNode:node_modules/@babel/generator/node_modules/source-map Completed in 3208ms
551 http fetch GET 200 https://registry.npmjs.org/nock/-/nock-10.0.6.tgz 2811ms (cache miss)
552 timing reifyNode:node_modules/nock Completed in 3236ms
553 timing reifyNode:node_modules/source-map Completed in 3249ms
554 timing reifyNode:node_modules/@istanbuljs/load-nyc-config/node_modules/js-yaml Completed in 3238ms
555 http fetch GET 200 https://registry.npmjs.org/request/-/request-2.88.2.tgz 2861ms (cache miss)
556 timing reifyNode:node_modules/request Completed in 3268ms
557 http fetch GET 200 https://registry.npmjs.org/psl/-/psl-1.8.0.tgz 2866ms (cache miss)
558 timing reifyNode:node_modules/psl Completed in 3282ms
559 timing reifyNode:node_modules/nyc/node_modules/yargs Completed in 3300ms
560 timing reifyNode:node_modules/yargs Completed in 3322ms
561 http fetch GET 200 https://registry.npmjs.org/express-handlebars/-/express-handlebars-6.0.2.tgz 2766ms (cache miss)
562 timing reifyNode:node_modules/express-handlebars Completed in 3309ms
563 http fetch GET 200 https://registry.npmjs.org/sshpk/-/sshpk-1.16.1.tgz 2946ms (cache miss)
564 timing reifyNode:node_modules/sshpk Completed in 3347ms
565 timing reifyNode:node_modules/chai Completed in 3332ms
566 timing reifyNode:node_modules/@babel/parser Completed in 3355ms
567 timing reifyNode:node_modules/istanbul-reports Completed in 3383ms
568 timing reifyNode:node_modules/@babel/core Completed in 3371ms
569 http fetch GET 200 https://registry.npmjs.org/nock 186ms (cache miss)
570 timing metavuln:packument:nock Completed in 195ms
571 timing metavuln:load:security-advisory:nock:PlZgIkF6e3/0yLjqYqSrH86eUBw0BU9Wzsy4iARPg9G3iRIQ2GNxvejcQXeGaJot7HHphkgcPgSjq2bILFos4A== Completed in 28ms
572 http fetch GET 200 https://registry.npmjs.org/uglify-js/-/uglify-js-3.9.2.tgz 3132ms (cache miss)
573 timing reifyNode:node_modules/uglify-js Completed in 3523ms
574 timing metavuln:cache:put:security-advisory:nock:mwri+9oTBNj4fRBy0+ccMI79JZSv6t8BklKJ0HgN3uUu+QNGhWOjFm7A9YOyRQ6lVvPqriS6TRwEgabOguS8KA== Completed in 100ms
575 timing metavuln:calculate:security-advisory:nock:PlZgIkF6e3/0yLjqYqSrH86eUBw0BU9Wzsy4iARPg9G3iRIQ2GNxvejcQXeGaJot7HHphkgcPgSjq2bILFos4A== Completed in 323ms
576 http fetch GET 200 https://registry.npmjs.org/neo-async/-/neo-async-2.6.1.tgz 3112ms (cache miss)
577 timing reifyNode:node_modules/neo-async Completed in 3543ms
578 http fetch GET 200 https://registry.npmjs.org/uri-js/-/uri-js-4.2.2.tgz 3173ms (cache miss)
579 timing reifyNode:node_modules/uri-js Completed in 3561ms
580 timing metavuln:cache:get:security-advisory:@babel/core:3EHRL9uMOWZoA4F3Tzov74BJNHR3K1cBYSC5LCnIYNFD8sCjRQu8frb58YKvOKDAzmXWTUd9uO5T9KCMlkFPAA== Completed in 22ms
581 timing metavuln:cache:get:security-advisory:@babel/helper-compilation-targets:81S986qNvs0Hzwbosvlh4SFIYjpJbezkeaYxQ0G2xmS9wO6WncZgqyCG9Jg2uKr/qvSj3tqWub//bVNYjxechw== Completed in 21ms
582 timing metavuln:cache:get:security-advisory:istanbul-lib-instrument:Zuo4cgX2ME8DiijMDlofBHd3UQtGdZGgcqVPNoQXASeGsaxKhHxktkPyUgUQjJgzIv3hjtWH+Ups2cdfEpKz0w== Completed in 19ms
583 timing metavuln:cache:get:security-advisory:make-dir:0LfYkKFJwV5hNgM07X2/+8WT1T2LrmnH5c0UcSnXm7cB/8z6imJuo7lEYQW5/GqzbvC1ob3RZskF54ZuFXkRgQ== Completed in 19ms
584 http fetch GET 200 https://registry.npmjs.org/@babel%2fcore 49ms (cache hit)
585 timing metavuln:packument:@babel/core Completed in 53ms
586 timing metavuln:load:security-advisory:@babel/core:ylVPedjv/X8TpgairrCUKxYrttyJ3d9KZq9OUWSImrjp5hbdN12y00p2CHArh2hdr4BFmY4wjnBtJ5hGE9Q1vQ== Completed in 1ms
587 timing metavuln:calculate:security-advisory:@babel/core:ylVPedjv/X8TpgairrCUKxYrttyJ3d9KZq9OUWSImrjp5hbdN12y00p2CHArh2hdr4BFmY4wjnBtJ5hGE9Q1vQ== Completed in 54ms
588 http fetch GET 200 https://registry.npmjs.org/@babel%2fhelper-compilation-targets 53ms (cache hit)
589 timing metavuln:packument:@babel/helper-compilation-targets Completed in 54ms
590 timing metavuln:load:security-advisory:@babel/helper-compilation-targets:ylVPedjv/X8TpgairrCUKxYrttyJ3d9KZq9OUWSImrjp5hbdN12y00p2CHArh2hdr4BFmY4wjnBtJ5hGE9Q1vQ== Completed in 0ms
591 timing metavuln:calculate:security-advisory:@babel/helper-compilation-targets:ylVPedjv/X8TpgairrCUKxYrttyJ3d9KZq9OUWSImrjp5hbdN12y00p2CHArh2hdr4BFmY4wjnBtJ5hGE9Q1vQ== Completed in 55ms
592 http fetch GET 200 https://registry.npmjs.org/istanbul-lib-instrument 53ms (cache hit)
593 timing metavuln:packument:istanbul-lib-instrument Completed in 55ms
594 timing metavuln:load:security-advisory:istanbul-lib-instrument:ylVPedjv/X8TpgairrCUKxYrttyJ3d9KZq9OUWSImrjp5hbdN12y00p2CHArh2hdr4BFmY4wjnBtJ5hGE9Q1vQ== Completed in 1ms
595 timing metavuln:calculate:security-advisory:istanbul-lib-instrument:ylVPedjv/X8TpgairrCUKxYrttyJ3d9KZq9OUWSImrjp5hbdN12y00p2CHArh2hdr4BFmY4wjnBtJ5hGE9Q1vQ== Completed in 57ms
596 http fetch GET 200 https://registry.npmjs.org/make-dir 55ms (cache hit)
597 timing metavuln:packument:make-dir Completed in 57ms
598 timing metavuln:load:security-advisory:make-dir:ylVPedjv/X8TpgairrCUKxYrttyJ3d9KZq9OUWSImrjp5hbdN12y00p2CHArh2hdr4BFmY4wjnBtJ5hGE9Q1vQ== Completed in 0ms
599 timing metavuln:calculate:security-advisory:make-dir:ylVPedjv/X8TpgairrCUKxYrttyJ3d9KZq9OUWSImrjp5hbdN12y00p2CHArh2hdr4BFmY4wjnBtJ5hGE9Q1vQ== Completed in 57ms
600 timing metavuln:cache:get:security-advisory:request:a1khH0S2Gitnfczie86j47A651J9YrKp4SQBOjl5Gtw+TthH77ysQ9mObneoizr874cURa1nGQnw//e21/n6GA== Completed in 1ms
601 timing metavuln:load:security-advisory:request:c7g50101kd5mYQxoh7RwLKpbXSqqreEhIY8mtXDnUUX8OcDcIE+qjbsp62kmwpzyRCqiSZv2x1cXtL9ch7boAA== Completed in 8ms
602 timing metavuln:cache:put:security-advisory:request:a1khH0S2Gitnfczie86j47A651J9YrKp4SQBOjl5Gtw+TthH77ysQ9mObneoizr874cURa1nGQnw//e21/n6GA== Completed in 25ms
603 timing metavuln:calculate:security-advisory:request:c7g50101kd5mYQxoh7RwLKpbXSqqreEhIY8mtXDnUUX8OcDcIE+qjbsp62kmwpzyRCqiSZv2x1cXtL9ch7boAA== Completed in 35ms
604 timing metavuln:cache:get:security-advisory:body-parser:kMLI9b/ETnuM+zXYGNG25tW9woxIQCJ4My6rcuCteRsVOMg4CoQEGvCQOSIKEEQg803Hi4wpprbPyNIKa90QBA== Completed in 25ms
605 timing metavuln:cache:get:security-advisory:express:51e7kr19F3LYaSdFwSe4ujvbu6wcbwVe3buwppBYZ06vzfk4yccFQddz54c7TkBbA+BSb+np8tQvrtdo0IrQAA== Completed in 24ms
606 http fetch GET 200 https://registry.npmjs.org/body-parser 54ms (cache hit)
607 timing metavuln:packument:body-parser Completed in 57ms
608 timing metavuln:load:security-advisory:body-parser:nwAN35acX58RcUFo+R+/y3JnjCDn8jHfH4A5Nt0Hlw+LadPOnylB+POdhZIX4fzjjOrwKUE3u58ifg77XCpw2g== Completed in 1ms
609 timing metavuln:calculate:security-advisory:body-parser:nwAN35acX58RcUFo+R+/y3JnjCDn8jHfH4A5Nt0Hlw+LadPOnylB+POdhZIX4fzjjOrwKUE3u58ifg77XCpw2g== Completed in 58ms
610 http fetch GET 200 https://registry.npmjs.org/express 57ms (cache hit)
611 timing metavuln:packument:express Completed in 69ms
612 timing metavuln:load:security-advisory:express:nwAN35acX58RcUFo+R+/y3JnjCDn8jHfH4A5Nt0Hlw+LadPOnylB+POdhZIX4fzjjOrwKUE3u58ifg77XCpw2g== Completed in 1ms
613 timing metavuln:calculate:security-advisory:express:nwAN35acX58RcUFo+R+/y3JnjCDn8jHfH4A5Nt0Hlw+LadPOnylB+POdhZIX4fzjjOrwKUE3u58ifg77XCpw2g== Completed in 70ms
614 timing metavuln:cache:get:security-advisory:nock:tk+d8w4IIPeo1obUm4TsJVa6vIPMJltjXHukHnGaAZcx33DQ83E3K+d5UctORiEs6GVZgDhnwc4nIqXNNp4alw== Completed in 2ms
615 timing metavuln:load:security-advisory:nock:4s5rkpK29/JxlTvqjlhNkHY3LiKUPsIMT+WbSilHvumWGOdqcSNc6a3eD0kkDUlf4h10kNCO8HRQFucLTxk2qw== Completed in 10ms
616 timing metavuln:cache:get:security-advisory:superagent:XUWwReocbb/uO0GCylrK3BcyjU70HQyP0NkRIHsX35P0q5yZeGZpFbMlXiWwMD1Q6ed/LdgBsjnTZo0rvXG2iQ== Completed in 13ms
617 http fetch GET 200 https://registry.npmjs.org/ajv/-/ajv-6.12.6.tgz 3146ms (cache miss)
618 timing reifyNode:node_modules/ajv Completed in 3715ms
619 timing metavuln:cache:put:security-advisory:nock:tk+d8w4IIPeo1obUm4TsJVa6vIPMJltjXHukHnGaAZcx33DQ83E3K+d5UctORiEs6GVZgDhnwc4nIqXNNp4alw== Completed in 26ms
620 timing metavuln:calculate:security-advisory:nock:4s5rkpK29/JxlTvqjlhNkHY3LiKUPsIMT+WbSilHvumWGOdqcSNc6a3eD0kkDUlf4h10kNCO8HRQFucLTxk2qw== Completed in 39ms
621 http fetch GET 200 https://registry.npmjs.org/superagent 44ms (cache hit)
622 timing metavuln:packument:superagent Completed in 49ms
623 timing metavuln:load:security-advisory:superagent:4s5rkpK29/JxlTvqjlhNkHY3LiKUPsIMT+WbSilHvumWGOdqcSNc6a3eD0kkDUlf4h10kNCO8HRQFucLTxk2qw== Completed in 24ms
624 timing reifyNode:node_modules/@babel/types Completed in 3765ms
625 timing metavuln:cache:put:security-advisory:superagent:XUWwReocbb/uO0GCylrK3BcyjU70HQyP0NkRIHsX35P0q5yZeGZpFbMlXiWwMD1Q6ed/LdgBsjnTZo0rvXG2iQ== Completed in 15ms
626 timing metavuln:calculate:security-advisory:superagent:4s5rkpK29/JxlTvqjlhNkHY3LiKUPsIMT+WbSilHvumWGOdqcSNc6a3eD0kkDUlf4h10kNCO8HRQFucLTxk2qw== Completed in 88ms
627 timing metavuln:cache:get:security-advisory:superagent:v4XmEgjuBkBpiLo5I4SV16ElFl6TaCr+4OWq2jQCfpSR7t3vq29GwZ0D254lhsBHl/TfClBSkZa7fTu13c0xtQ== Completed in 7ms
628 timing metavuln:load:security-advisory:superagent:20tDwH6fYKn++PbMnx2tUulmtbaV/gdoUXXQX3IJ8Qzg+tx34k0HmLCCRQ68aR/TWyVmR5LbQdagWrak8dhhtw== Completed in 1ms
629 timing metavuln:calculate:security-advisory:superagent:20tDwH6fYKn++PbMnx2tUulmtbaV/gdoUXXQX3IJ8Qzg+tx34k0HmLCCRQ68aR/TWyVmR5LbQdagWrak8dhhtw== Completed in 8ms
630 timing metavuln:cache:get:security-advisory:@babel/core:Sy2gc7rpdk3rztubB1fpNH2+LQTKQojapVI4kgTedTyWRTYRZM0niW98LKHosoKtNl2SRMWO2+SK/HOCHX+NTQ== Completed in 15ms
631 timing metavuln:load:security-advisory:@babel/core:m8W7Rwes/ZJ3ORDHxkA5k2j6IovRIGYScT57x5Vs/y8+LrIlJT0ouu44rfTSXvXLHGtXO/p28yaGgJlnXB95+A== Completed in 1ms
632 timing metavuln:calculate:security-advisory:@babel/core:m8W7Rwes/ZJ3ORDHxkA5k2j6IovRIGYScT57x5Vs/y8+LrIlJT0ouu44rfTSXvXLHGtXO/p28yaGgJlnXB95+A== Completed in 16ms
633 timing metavuln:cache:get:security-advisory:glob:D1eGkUenocKIEzLL98b8kGGyCsMFzJmW+bo1loOQwvB/5Pab5Wm/oczmN1KdqqoneXSlImTW7/9POlaNzEl48A== Completed in 15ms
634 timing metavuln:cache:get:security-advisory:mocha:zVViDN/CepLapW9sSvSkk93Zr8MY8kdFOkDtQSYFB5xN3aJqOeEfVeEmexi4Ba432l7i4Pmhk0UX9TN89892zg== Completed in 14ms
635 timing metavuln:cache:get:security-advisory:test-exclude:k9MtPq6+4DtMtCQQ9HC4cIkSA0vFxnw/ZgnYA5+g4qWpBYu+amNC5DWlRWZC0e4SCKY60vvwg9v9emW8el6IWA== Completed in 13ms
636 http fetch GET 200 https://registry.npmjs.org/glob 39ms (cache hit)
637 timing metavuln:packument:glob Completed in 42ms
638 timing metavuln:load:security-advisory:glob:p95wqm4LFYda8MqIRhnJXQzvuVqj41xyGSOJfNTqDPjDKg480m5l2FhiUVP1JR7YWhTNbFJAK29w5AyMROsYuQ== Completed in 0ms
639 timing metavuln:calculate:security-advisory:glob:p95wqm4LFYda8MqIRhnJXQzvuVqj41xyGSOJfNTqDPjDKg480m5l2FhiUVP1JR7YWhTNbFJAK29w5AyMROsYuQ== Completed in 42ms
640 http fetch GET 200 https://registry.npmjs.org/mocha 42ms (cache hit)
641 timing metavuln:packument:mocha Completed in 48ms
642 timing metavuln:load:security-advisory:mocha:p95wqm4LFYda8MqIRhnJXQzvuVqj41xyGSOJfNTqDPjDKg480m5l2FhiUVP1JR7YWhTNbFJAK29w5AyMROsYuQ== Completed in 1ms
643 timing metavuln:calculate:security-advisory:mocha:p95wqm4LFYda8MqIRhnJXQzvuVqj41xyGSOJfNTqDPjDKg480m5l2FhiUVP1JR7YWhTNbFJAK29w5AyMROsYuQ== Completed in 49ms
644 http fetch GET 200 https://registry.npmjs.org/test-exclude 47ms (cache hit)
645 timing metavuln:packument:test-exclude Completed in 49ms
646 timing metavuln:load:security-advisory:test-exclude:p95wqm4LFYda8MqIRhnJXQzvuVqj41xyGSOJfNTqDPjDKg480m5l2FhiUVP1JR7YWhTNbFJAK29w5AyMROsYuQ== Completed in 0ms
647 timing metavuln:calculate:security-advisory:test-exclude:p95wqm4LFYda8MqIRhnJXQzvuVqj41xyGSOJfNTqDPjDKg480m5l2FhiUVP1JR7YWhTNbFJAK29w5AyMROsYuQ== Completed in 49ms
648 timing metavuln:cache:get:security-advisory:request:ha9I6cGuLN/1vrRjDs9jKCHGoyshzsZrn3liVXlwfWRxB2E/mWSVQsFkapkL7FqkKtl0mJVld9k3Junaf5/m0g== Completed in 4ms
649 timing metavuln:load:security-advisory:request:VNuwVxANcCKf9fmuD0Vt2V7tyUFg0MOcTBXo66LvguhCeFU0pqdKjCffmtFFsDUZMFdCTHimURRZB0jVSz1wRg== Completed in 11ms
650 timing metavuln:cache:put:security-advisory:request:ha9I6cGuLN/1vrRjDs9jKCHGoyshzsZrn3liVXlwfWRxB2E/mWSVQsFkapkL7FqkKtl0mJVld9k3Junaf5/m0g== Completed in 19ms
651 timing metavuln:calculate:security-advisory:request:VNuwVxANcCKf9fmuD0Vt2V7tyUFg0MOcTBXo66LvguhCeFU0pqdKjCffmtFFsDUZMFdCTHimURRZB0jVSz1wRg== Completed in 34ms
652 timing metavuln:cache:get:security-advisory:express:+ctg1wzA6eParvOXC2aVeitfCopLOOp9zA8hcetwQX8NeeBIrx6vf4M96ZKl6ak82dw0ClmgdZYOhJW33SqyWg== Completed in 8ms
653 timing metavuln:load:security-advisory:express:kMLI9b/ETnuM+zXYGNG25tW9woxIQCJ4My6rcuCteRsVOMg4CoQEGvCQOSIKEEQg803Hi4wpprbPyNIKa90QBA== Completed in 1ms
654 timing metavuln:calculate:security-advisory:express:kMLI9b/ETnuM+zXYGNG25tW9woxIQCJ4My6rcuCteRsVOMg4CoQEGvCQOSIKEEQg803Hi4wpprbPyNIKa90QBA== Completed in 9ms
655 timing auditReport:init Completed in 2639ms
656 timing reify:audit Completed in 3974ms
657 timing reifyNode:node_modules/mocha Completed in 3964ms
658 http fetch GET 200 https://registry.npmjs.org/handlebars/-/handlebars-4.7.7.tgz 3523ms (cache miss)
659 timing reifyNode:node_modules/handlebars Completed in 4021ms
660 timing reifyNode:node_modules/caniuse-lite Completed in 4346ms
661 http fetch GET 200 https://registry.npmjs.org/lodash/-/lodash-4.17.21.tgz 3976ms (cache miss)
662 timing reifyNode:node_modules/lodash Completed in 4408ms
663 timing reify:unpack Completed in 4426ms
664 timing reify:unretire Completed in 1ms
665 timing build:queue Completed in 11ms
666 timing build:link:node_modules/@babel/parser Completed in 12ms
667 timing build:link:node_modules/@babel/core/node_modules/semver Completed in 9ms
668 timing build:link:node_modules/@babel/helper-compilation-targets/node_modules/semver Completed in 10ms
669 timing build:link:node_modules/@istanbuljs/load-nyc-config/node_modules/js-yaml Completed in 9ms
670 timing build:link:node_modules/istanbul-lib-instrument/node_modules/semver Completed in 9ms
671 timing build:link:node_modules/make-dir/node_modules/semver Completed in 9ms
672 timing build:link:node_modules/browserslist Completed in 13ms
673 timing build:link:node_modules/esprima Completed in 12ms
674 timing build:link:node_modules/flat Completed in 12ms
675 timing build:link:node_modules/handlebars Completed in 12ms
676 timing build:link:node_modules/he Completed in 12ms
677 timing build:link:node_modules/js-yaml Completed in 12ms
678 timing build:link:node_modules/jsesc Completed in 12ms
679 timing build:link:node_modules/json5 Completed in 11ms
680 timing build:link:node_modules/mime Completed in 11ms
681 timing build:link:node_modules/mkdirp Completed in 11ms
682 timing build:link:node_modules/mocha Completed in 11ms
683 timing build:link:node_modules/nanoid Completed in 11ms
684 timing build:link:node_modules/nyc Completed in 10ms
685 timing build:link:node_modules/rimraf Completed in 10ms
686 timing build:link:node_modules/semver Completed in 10ms
687 timing build:link:node_modules/sshpk Completed in 10ms
688 timing build:link:node_modules/uglify-js Completed in 10ms
689 timing build:link:node_modules/uuid Completed in 10ms
690 timing build:link:node_modules/which Completed in 10ms
691 timing build:link Completed in 14ms
692 timing build:deps Completed in 25ms
693 timing build Completed in 25ms
694 timing reify:build Completed in 26ms
695 timing reify:trash Completed in 1ms
696 timing reify:save Completed in 112ms
697 timing reify Completed in 5278ms
698 silly ADD node_modules/yocto-queue
699 silly ADD node_modules/yargs-unparser
700 silly ADD node_modules/yargs-unparser/node_modules/decamelize
701 silly ADD node_modules/yargs-unparser/node_modules/camelcase
702 silly ADD node_modules/yargs-parser
703 silly ADD node_modules/yargs
704 silly ADD node_modules/y18n
705 silly ADD node_modules/write-file-atomic
706 silly ADD node_modules/wrappy
707 silly ADD node_modules/wrap-ansi
708 silly ADD node_modules/workerpool
709 silly ADD node_modules/wordwrap
710 silly ADD node_modules/which-module
711 silly ADD node_modules/which
712 silly ADD node_modules/verror
713 silly ADD node_modules/vary
714 silly ADD node_modules/uuid
715 silly ADD node_modules/utils-merge
716 silly ADD node_modules/util-deprecate
717 silly ADD node_modules/uri-js
718 silly ADD node_modules/unpipe
719 silly ADD node_modules/uglify-js
720 silly ADD node_modules/typedarray-to-buffer
721 silly ADD node_modules/type-is
722 silly ADD node_modules/type-fest
723 silly ADD node_modules/type-detect
724 silly ADD node_modules/tweetnacl
725 silly ADD node_modules/tunnel-agent
726 silly ADD node_modules/tough-cookie
727 silly ADD node_modules/toidentifier
728 silly ADD node_modules/to-regex-range
729 silly ADD node_modules/to-fast-properties
730 silly ADD node_modules/test-exclude
731 silly ADD node_modules/supports-color
732 silly ADD node_modules/supertest
733 silly ADD node_modules/superagent
734 silly ADD node_modules/strip-json-comments
735 silly ADD node_modules/strip-bom
736 silly ADD node_modules/strip-ansi
737 silly ADD node_modules/string-width
738 silly ADD node_modules/string_decoder
739 silly ADD node_modules/statuses
740 silly ADD node_modules/sshpk
741 silly ADD node_modules/sprintf-js
742 silly ADD node_modules/spawn-wrap
743 silly ADD node_modules/source-map
744 silly ADD node_modules/signal-exit
745 silly ADD node_modules/shebang-regex
746 silly ADD node_modules/shebang-command
747 silly ADD node_modules/setprototypeof
748 silly ADD node_modules/set-blocking
749 silly ADD node_modules/serve-static
750 silly ADD node_modules/serialize-javascript
751 silly ADD node_modules/send
752 silly ADD node_modules/send/node_modules/debug
753 silly ADD node_modules/send/node_modules/debug/node_modules/ms
754 silly ADD node_modules/semver
755 silly ADD node_modules/safer-buffer
756 silly ADD node_modules/safe-buffer
757 silly ADD node_modules/rimraf
758 silly ADD node_modules/resolve-from
759 silly ADD node_modules/require-main-filename
760 silly ADD node_modules/require-directory
761 silly ADD node_modules/request
762 silly ADD node_modules/request/node_modules/qs
763 silly ADD node_modules/request/node_modules/form-data
764 silly ADD node_modules/release-zalgo
765 silly ADD node_modules/regexp.prototype.flags
766 silly ADD node_modules/readdirp
767 silly ADD node_modules/readable-stream
768 silly ADD node_modules/raw-body
769 silly ADD node_modules/range-parser
770 silly ADD node_modules/randombytes
771 silly ADD node_modules/qs
772 silly ADD node_modules/punycode
773 silly ADD node_modules/psl
774 silly ADD node_modules/proxy-addr
775 silly ADD node_modules/propagate
776 silly ADD node_modules/process-on-spawn
777 silly ADD node_modules/process-nextick-args
778 silly ADD node_modules/pkg-dir
779 silly ADD node_modules/pkg-dir/node_modules/p-locate
780 silly ADD node_modules/pkg-dir/node_modules/p-limit
781 silly ADD node_modules/pkg-dir/node_modules/locate-path
782 silly ADD node_modules/pkg-dir/node_modules/find-up
783 silly ADD node_modules/picomatch
784 silly ADD node_modules/picocolors
785 silly ADD node_modules/performance-now
786 silly ADD node_modules/pathval
787 silly ADD node_modules/path-to-regexp
788 silly ADD node_modules/path-key
789 silly ADD node_modules/path-is-absolute
790 silly ADD node_modules/path-exists
791 silly ADD node_modules/parseurl
792 silly ADD node_modules/package-hash
793 silly ADD node_modules/p-try
794 silly ADD node_modules/p-map
795 silly ADD node_modules/p-locate
796 silly ADD node_modules/p-limit
797 silly ADD node_modules/once
798 silly ADD node_modules/on-finished
799 silly ADD node_modules/object-keys
800 silly ADD node_modules/object-is
801 silly ADD node_modules/oauth-sign
802 silly ADD node_modules/nyc
803 silly ADD node_modules/nyc/node_modules/yargs-parser
804 silly ADD node_modules/nyc/node_modules/yargs
805 silly ADD node_modules/nyc/node_modules/y18n
806 silly ADD node_modules/nyc/node_modules/wrap-ansi
807 silly ADD node_modules/nyc/node_modules/p-locate
808 silly ADD node_modules/nyc/node_modules/p-limit
809 silly ADD node_modules/nyc/node_modules/locate-path
810 silly ADD node_modules/nyc/node_modules/find-up
811 silly ADD node_modules/nyc/node_modules/cliui
812 silly ADD node_modules/normalize-path
813 silly ADD node_modules/node-releases
814 silly ADD node_modules/node-preload
815 silly ADD node_modules/nock
816 silly ADD node_modules/nock/node_modules/debug
817 silly ADD node_modules/neo-async
818 silly ADD node_modules/negotiator
819 silly ADD node_modules/nanoid
820 silly ADD node_modules/ms
821 silly ADD node_modules/mocha
822 silly ADD node_modules/mocha/node_modules/ms
823 silly ADD node_modules/mocha/node_modules/debug
824 silly ADD node_modules/mocha/node_modules/debug/node_modules/ms
825 silly ADD node_modules/mkdirp
826 silly ADD node_modules/minimist
827 silly ADD node_modules/minimatch
828 silly ADD node_modules/mime-types
829 silly ADD node_modules/mime-db
830 silly ADD node_modules/mime
831 silly ADD node_modules/methods
832 silly ADD node_modules/merge-descriptors
833 silly ADD node_modules/media-typer
834 silly ADD node_modules/make-dir
835 silly ADD node_modules/make-dir/node_modules/semver
836 silly ADD node_modules/log-symbols
837 silly ADD node_modules/lodash.flattendeep
838 silly ADD node_modules/lodash
839 silly ADD node_modules/locate-path
840 silly ADD node_modules/jsprim
841 silly ADD node_modules/json5
842 silly ADD node_modules/json-stringify-safe
843 silly ADD node_modules/json-schema-traverse
844 silly ADD node_modules/json-schema
845 silly ADD node_modules/jsesc
846 silly ADD node_modules/jsbn
847 silly ADD node_modules/js-yaml
848 silly ADD node_modules/js-tokens
849 silly ADD node_modules/istanbul-reports
850 silly ADD node_modules/istanbul-lib-source-maps
851 silly ADD node_modules/istanbul-lib-source-maps/node_modules/ms
852 silly ADD node_modules/istanbul-lib-source-maps/node_modules/debug
853 silly ADD node_modules/istanbul-lib-report
854 silly ADD node_modules/istanbul-lib-report/node_modules/supports-color
855 silly ADD node_modules/istanbul-lib-processinfo
856 silly ADD node_modules/istanbul-lib-instrument
857 silly ADD node_modules/istanbul-lib-instrument/node_modules/semver
858 silly ADD node_modules/istanbul-lib-hook
859 silly ADD node_modules/istanbul-lib-coverage
860 silly ADD node_modules/isstream
861 silly ADD node_modules/isexe
862 silly ADD node_modules/isarray
863 silly ADD node_modules/is-windows
864 silly ADD node_modules/is-unicode-supported
865 silly ADD node_modules/is-typedarray
866 silly ADD node_modules/is-stream
867 silly ADD node_modules/is-regex
868 silly ADD node_modules/is-plain-obj
869 silly ADD node_modules/is-number
870 silly ADD node_modules/is-glob
871 silly ADD node_modules/is-fullwidth-code-point
872 silly ADD node_modules/is-extglob
873 silly ADD node_modules/is-date-object
874 silly ADD node_modules/is-binary-path
875 silly ADD node_modules/is-arguments
876 silly ADD node_modules/ipaddr.js
877 silly ADD node_modules/inherits
878 silly ADD node_modules/inflight
879 silly ADD node_modules/indent-string
880 silly ADD node_modules/imurmurhash
881 silly ADD node_modules/iconv-lite
882 silly ADD node_modules/http-signature
883 silly ADD node_modules/http-errors
884 silly ADD node_modules/http-errors/node_modules/inherits
885 silly ADD node_modules/html-escaper
886 silly ADD node_modules/he
887 silly ADD node_modules/hasha
888 silly ADD node_modules/has-flag
889 silly ADD node_modules/has
890 silly ADD node_modules/har-validator
891 silly ADD node_modules/har-schema
892 silly ADD node_modules/handlebars
893 silly ADD node_modules/growl
894 silly ADD node_modules/graceful-fs
895 silly ADD node_modules/globals
896 silly ADD node_modules/glob-parent
897 silly ADD node_modules/glob
898 silly ADD node_modules/getpass
899 silly ADD node_modules/get-package-type
900 silly ADD node_modules/get-func-name
901 silly ADD node_modules/get-caller-file
902 silly ADD node_modules/gensync
903 silly ADD node_modules/function-bind
904 silly ADD
905 silly ADD node_modules/fs.realpath
906 silly ADD node_modules/fromentries
907 silly ADD node_modules/fresh
908 silly ADD node_modules/forwarded
909 silly ADD node_modules/formidable
910 silly ADD node_modules/form-data
911 silly ADD node_modules/forever-agent
912 silly ADD node_modules/foreground-child
913 silly ADD node_modules/flat
914 silly ADD node_modules/find-up
915 silly ADD node_modules/find-cache-dir
916 silly ADD node_modules/finalhandler
917 silly ADD node_modules/finalhandler/node_modules/ms
918 silly ADD node_modules/finalhandler/node_modules/debug
919 silly ADD node_modules/fill-range
920 silly ADD node_modules/fast-json-stable-stringify
921 silly ADD node_modules/fast-deep-equal
922 silly ADD node_modules/extsprintf
923 silly ADD node_modules/extend
924 silly ADD node_modules/express-handlebars
925 silly ADD node_modules/express
926 silly ADD node_modules/express/node_modules/qs
927 silly ADD node_modules/express/node_modules/ms
928 silly ADD node_modules/express/node_modules/debug
929 silly ADD node_modules/etag
930 silly ADD node_modules/esprima
931 silly ADD node_modules/escape-string-regexp
932 silly ADD node_modules/escape-html
933 silly ADD node_modules/escalade
934 silly ADD node_modules/es6-error
935 silly ADD node_modules/encodeurl
936 silly ADD node_modules/emoji-regex
937 silly ADD node_modules/electron-to-chromium
938 silly ADD node_modules/ee-first
939 silly ADD node_modules/ecc-jsbn
940 silly ADD node_modules/diff
941 silly ADD node_modules/destroy
942 silly ADD node_modules/depd
943 silly ADD node_modules/delayed-stream
944 silly ADD node_modules/define-properties
945 silly ADD node_modules/default-require-extensions
946 silly ADD node_modules/deep-equal
947 silly ADD node_modules/deep-eql
948 silly ADD node_modules/decamelize
949 silly ADD node_modules/debug
950 silly ADD node_modules/dashdash
951 silly ADD node_modules/cross-spawn
952 silly ADD node_modules/core-util-is
953 silly ADD node_modules/cookiejar
954 silly ADD node_modules/cookie-signature
955 silly ADD node_modules/cookie
956 silly ADD node_modules/convert-source-map
957 silly ADD node_modules/content-type
958 silly ADD node_modules/content-disposition
959 silly ADD node_modules/concat-map
960 silly ADD node_modules/component-emitter
961 silly ADD node_modules/commondir
962 silly ADD node_modules/commander
963 silly ADD node_modules/combined-stream
964 silly ADD node_modules/color-name
965 silly ADD node_modules/color-convert
966 silly ADD node_modules/cliui
967 silly ADD node_modules/clean-stack
968 silly ADD node_modules/chokidar
969 silly ADD node_modules/check-error
970 silly ADD node_modules/chalk
971 silly ADD node_modules/chalk/node_modules/supports-color
972 silly ADD node_modules/chai
973 silly ADD node_modules/caseless
974 silly ADD node_modules/caniuse-lite
975 silly ADD node_modules/camelcase
976 silly ADD node_modules/caching-transform
977 silly ADD node_modules/bytes
978 silly ADD node_modules/browserslist
979 silly ADD node_modules/browser-stdout
980 silly ADD node_modules/braces
981 silly ADD node_modules/brace-expansion
982 silly ADD node_modules/body-parser
983 silly ADD node_modules/body-parser/node_modules/qs
984 silly ADD node_modules/body-parser/node_modules/ms
985 silly ADD node_modules/body-parser/node_modules/debug
986 silly ADD node_modules/binary-extensions
987 silly ADD node_modules/bcrypt-pbkdf
988 silly ADD node_modules/balanced-match
989 silly ADD node_modules/aws4
990 silly ADD node_modules/aws-sign2
991 silly ADD node_modules/asynckit
992 silly ADD node_modules/assertion-error
993 silly ADD node_modules/assert-plus
994 silly ADD node_modules/asn1
995 silly ADD node_modules/array-flatten
996 silly ADD node_modules/argparse
997 silly ADD node_modules/archy
998 silly ADD node_modules/append-transform
999 silly ADD node_modules/anymatch
1000 silly ADD node_modules/ansi-styles
1001 silly ADD node_modules/ansi-regex
1002 silly ADD node_modules/ansi-colors
1003 silly ADD node_modules/ajv
1004 silly ADD node_modules/aggregate-error
1005 silly ADD node_modules/accepts
1006 silly ADD node_modules/@ungap/promise-all-settled
1007 silly ADD node_modules/@jridgewell/trace-mapping
1008 silly ADD node_modules/@jridgewell/sourcemap-codec
1009 silly ADD node_modules/@jridgewell/resolve-uri
1010 silly ADD node_modules/@istanbuljs/schema
1011 silly ADD node_modules/@istanbuljs/load-nyc-config
1012 silly ADD node_modules/@istanbuljs/load-nyc-config/node_modules/p-locate
1013 silly ADD node_modules/@istanbuljs/load-nyc-config/node_modules/p-limit
1014 silly ADD node_modules/@istanbuljs/load-nyc-config/node_modules/locate-path
1015 silly ADD node_modules/@istanbuljs/load-nyc-config/node_modules/js-yaml
1016 silly ADD node_modules/@istanbuljs/load-nyc-config/node_modules/find-up
1017 silly ADD node_modules/@istanbuljs/load-nyc-config/node_modules/argparse
1018 silly ADD node_modules/@babel/types
1019 silly ADD node_modules/@babel/traverse
1020 silly ADD node_modules/@babel/traverse/node_modules/ms
1021 silly ADD node_modules/@babel/traverse/node_modules/debug
1022 silly ADD node_modules/@babel/template
1023 silly ADD node_modules/@babel/parser
1024 silly ADD node_modules/@babel/highlight
1025 silly ADD node_modules/@babel/highlight/node_modules/supports-color
1026 silly ADD node_modules/@babel/highlight/node_modules/has-flag
1027 silly ADD node_modules/@babel/highlight/node_modules/escape-string-regexp
1028 silly ADD node_modules/@babel/highlight/node_modules/color-name
1029 silly ADD node_modules/@babel/highlight/node_modules/color-convert
1030 silly ADD node_modules/@babel/highlight/node_modules/chalk
1031 silly ADD node_modules/@babel/highlight/node_modules/ansi-styles
1032 silly ADD node_modules/@babel/helpers
1033 silly ADD node_modules/@babel/helper-validator-option
1034 silly ADD node_modules/@babel/helper-validator-identifier
1035 silly ADD node_modules/@babel/helper-split-export-declaration
1036 silly ADD node_modules/@babel/helper-simple-access
1037 silly ADD node_modules/@babel/helper-module-transforms
1038 silly ADD node_modules/@babel/helper-module-imports
1039 silly ADD node_modules/@babel/helper-hoist-variables
1040 silly ADD node_modules/@babel/helper-get-function-arity
1041 silly ADD node_modules/@babel/helper-function-name
1042 silly ADD node_modules/@babel/helper-environment-visitor
1043 silly ADD node_modules/@babel/helper-compilation-targets
1044 silly ADD node_modules/@babel/helper-compilation-targets/node_modules/semver
1045 silly ADD node_modules/@babel/generator
1046 silly ADD node_modules/@babel/generator/node_modules/source-map
1047 silly ADD node_modules/@babel/core
1048 silly ADD node_modules/@babel/core/node_modules/semver
1049 silly ADD node_modules/@babel/core/node_modules/ms
1050 silly ADD node_modules/@babel/core/node_modules/debug
1051 silly ADD node_modules/@babel/compat-data
1052 silly ADD node_modules/@babel/code-frame
1053 silly ADD node_modules/@ampproject/remapping
1054 timing command:install Completed in 5332ms
1055 verbose exit 0
1056 timing npm Completed in 5510ms
1057 info ok
